ARM GAS  C:\Users\okuntso\AppData\Local\Temp\ccMLphyh.s 			page 1


   1              		.syntax unified
   2              		.cpu cortex-m0
   3              		.fpu softvfp
   4              		.eabi_attribute 20, 1
   5              		.eabi_attribute 21, 1
   6              		.eabi_attribute 23, 3
   7              		.eabi_attribute 24, 1
   8              		.eabi_attribute 25, 1
   9              		.eabi_attribute 26, 1
  10              		.eabi_attribute 30, 6
  11              		.eabi_attribute 34, 0
  12              		.eabi_attribute 18, 4
  13              		.thumb
  14              		.syntax unified
  15              		.file	"cyfitter_cfg.c"
  16              		.text
  17              	.Ltext0:
  18              		.cfi_sections	.debug_frame
  19              		.section	.text.CYMEMZERO,"ax",%progbits
  20              		.align	2
  21              		.code	16
  22              		.thumb_func
  23              		.type	CYMEMZERO, %function
  24              	CYMEMZERO:
  25              	.LFB0:
  26              		.file 1 "Generated_Source\\PSoC4\\cyfitter_cfg.c"
   1:Generated_Source\PSoC4/cyfitter_cfg.c **** 
   2:Generated_Source\PSoC4/cyfitter_cfg.c **** /*******************************************************************************
   3:Generated_Source\PSoC4/cyfitter_cfg.c **** * File Name: cyfitter_cfg.c
   4:Generated_Source\PSoC4/cyfitter_cfg.c **** * 
   5:Generated_Source\PSoC4/cyfitter_cfg.c **** * PSoC Creator  4.3
   6:Generated_Source\PSoC4/cyfitter_cfg.c **** *
   7:Generated_Source\PSoC4/cyfitter_cfg.c **** * Description:
   8:Generated_Source\PSoC4/cyfitter_cfg.c **** * This file contains device initialization code.
   9:Generated_Source\PSoC4/cyfitter_cfg.c **** * Except for the user defined sections in CyClockStartupError(), this file should not be modified.
  10:Generated_Source\PSoC4/cyfitter_cfg.c **** * This file is automatically generated by PSoC Creator.
  11:Generated_Source\PSoC4/cyfitter_cfg.c **** *
  12:Generated_Source\PSoC4/cyfitter_cfg.c **** ********************************************************************************
  13:Generated_Source\PSoC4/cyfitter_cfg.c **** * Copyright (c) 2007-2019 Cypress Semiconductor.  All rights reserved.
  14:Generated_Source\PSoC4/cyfitter_cfg.c **** * You may use this file only in accordance with the license, terms, conditions, 
  15:Generated_Source\PSoC4/cyfitter_cfg.c **** * disclaimers, and limitations in the end user license agreement accompanying 
  16:Generated_Source\PSoC4/cyfitter_cfg.c **** * the software package with which this file was provided.
  17:Generated_Source\PSoC4/cyfitter_cfg.c **** ********************************************************************************/
  18:Generated_Source\PSoC4/cyfitter_cfg.c **** 
  19:Generated_Source\PSoC4/cyfitter_cfg.c **** #include <string.h>
  20:Generated_Source\PSoC4/cyfitter_cfg.c **** #include "cytypes.h"
  21:Generated_Source\PSoC4/cyfitter_cfg.c **** #include "cydevice_trm.h"
  22:Generated_Source\PSoC4/cyfitter_cfg.c **** #include "cyfitter.h"
  23:Generated_Source\PSoC4/cyfitter_cfg.c **** #include "CyLib.h"
  24:Generated_Source\PSoC4/cyfitter_cfg.c **** #include "cyfitter_cfg.h"
  25:Generated_Source\PSoC4/cyfitter_cfg.c **** #include "cyapicallbacks.h"
  26:Generated_Source\PSoC4/cyfitter_cfg.c **** 
  27:Generated_Source\PSoC4/cyfitter_cfg.c **** 
  28:Generated_Source\PSoC4/cyfitter_cfg.c **** #if defined(__GNUC__) || defined(__ARMCC_VERSION)
  29:Generated_Source\PSoC4/cyfitter_cfg.c ****     #define CYPACKED 
  30:Generated_Source\PSoC4/cyfitter_cfg.c ****     #define CYPACKED_ATTR __attribute__ ((packed))
  31:Generated_Source\PSoC4/cyfitter_cfg.c ****     #define CYALIGNED __attribute__ ((aligned))
ARM GAS  C:\Users\okuntso\AppData\Local\Temp\ccMLphyh.s 			page 2


  32:Generated_Source\PSoC4/cyfitter_cfg.c ****     #define CY_CFG_UNUSED __attribute__ ((unused))
  33:Generated_Source\PSoC4/cyfitter_cfg.c ****     #ifndef CY_CFG_SECTION
  34:Generated_Source\PSoC4/cyfitter_cfg.c ****         #define CY_CFG_SECTION __attribute__ ((section(".psocinit")))
  35:Generated_Source\PSoC4/cyfitter_cfg.c ****     #endif
  36:Generated_Source\PSoC4/cyfitter_cfg.c ****     
  37:Generated_Source\PSoC4/cyfitter_cfg.c ****     #if defined(__ARMCC_VERSION)
  38:Generated_Source\PSoC4/cyfitter_cfg.c ****         #define CY_CFG_MEMORY_BARRIER() __memory_changed()
  39:Generated_Source\PSoC4/cyfitter_cfg.c ****     #else
  40:Generated_Source\PSoC4/cyfitter_cfg.c ****         #define CY_CFG_MEMORY_BARRIER() __sync_synchronize()
  41:Generated_Source\PSoC4/cyfitter_cfg.c ****     #endif
  42:Generated_Source\PSoC4/cyfitter_cfg.c ****     
  43:Generated_Source\PSoC4/cyfitter_cfg.c **** #elif defined(__ICCARM__)
  44:Generated_Source\PSoC4/cyfitter_cfg.c ****     #include <intrinsics.h>
  45:Generated_Source\PSoC4/cyfitter_cfg.c **** 
  46:Generated_Source\PSoC4/cyfitter_cfg.c ****     #define CYPACKED __packed
  47:Generated_Source\PSoC4/cyfitter_cfg.c ****     #define CYPACKED_ATTR 
  48:Generated_Source\PSoC4/cyfitter_cfg.c ****     #define CYALIGNED _Pragma("data_alignment=4")
  49:Generated_Source\PSoC4/cyfitter_cfg.c ****     #define CY_CFG_UNUSED _Pragma("diag_suppress=Pe177")
  50:Generated_Source\PSoC4/cyfitter_cfg.c ****     #define CY_CFG_SECTION _Pragma("location=\".psocinit\"")
  51:Generated_Source\PSoC4/cyfitter_cfg.c ****     
  52:Generated_Source\PSoC4/cyfitter_cfg.c ****     #define CY_CFG_MEMORY_BARRIER() __DMB()
  53:Generated_Source\PSoC4/cyfitter_cfg.c ****     
  54:Generated_Source\PSoC4/cyfitter_cfg.c **** #else
  55:Generated_Source\PSoC4/cyfitter_cfg.c ****     #error Unsupported toolchain
  56:Generated_Source\PSoC4/cyfitter_cfg.c **** #endif
  57:Generated_Source\PSoC4/cyfitter_cfg.c **** 
  58:Generated_Source\PSoC4/cyfitter_cfg.c **** #ifndef CYCODE
  59:Generated_Source\PSoC4/cyfitter_cfg.c ****     #define CYCODE
  60:Generated_Source\PSoC4/cyfitter_cfg.c **** #endif
  61:Generated_Source\PSoC4/cyfitter_cfg.c **** #ifndef CYDATA
  62:Generated_Source\PSoC4/cyfitter_cfg.c ****     #define CYDATA
  63:Generated_Source\PSoC4/cyfitter_cfg.c **** #endif
  64:Generated_Source\PSoC4/cyfitter_cfg.c **** #ifndef CYFAR
  65:Generated_Source\PSoC4/cyfitter_cfg.c ****     #define CYFAR
  66:Generated_Source\PSoC4/cyfitter_cfg.c **** #endif
  67:Generated_Source\PSoC4/cyfitter_cfg.c **** #ifndef CYXDATA
  68:Generated_Source\PSoC4/cyfitter_cfg.c ****     #define CYXDATA
  69:Generated_Source\PSoC4/cyfitter_cfg.c **** #endif
  70:Generated_Source\PSoC4/cyfitter_cfg.c **** 
  71:Generated_Source\PSoC4/cyfitter_cfg.c **** 
  72:Generated_Source\PSoC4/cyfitter_cfg.c **** CY_CFG_UNUSED
  73:Generated_Source\PSoC4/cyfitter_cfg.c **** static void CYMEMZERO(void *s, size_t n);
  74:Generated_Source\PSoC4/cyfitter_cfg.c **** CY_CFG_UNUSED
  75:Generated_Source\PSoC4/cyfitter_cfg.c **** static void CYMEMZERO(void *s, size_t n)
  76:Generated_Source\PSoC4/cyfitter_cfg.c **** {
  27              		.loc 1 76 0
  28              		.cfi_startproc
  29              		@ args = 0, pretend = 0, frame = 8
  30              		@ frame_needed = 1, uses_anonymous_args = 0
  31 0000 80B5     		push	{r7, lr}
  32              		.cfi_def_cfa_offset 8
  33              		.cfi_offset 7, -8
  34              		.cfi_offset 14, -4
  35 0002 82B0     		sub	sp, sp, #8
  36              		.cfi_def_cfa_offset 16
  37 0004 00AF     		add	r7, sp, #0
  38              		.cfi_def_cfa_register 7
ARM GAS  C:\Users\okuntso\AppData\Local\Temp\ccMLphyh.s 			page 3


  39 0006 7860     		str	r0, [r7, #4]
  40 0008 3960     		str	r1, [r7]
  77:Generated_Source\PSoC4/cyfitter_cfg.c **** 	(void)memset(s, 0, n);
  41              		.loc 1 77 0
  42 000a 3A68     		ldr	r2, [r7]
  43 000c 7B68     		ldr	r3, [r7, #4]
  44 000e 0021     		movs	r1, #0
  45 0010 1800     		movs	r0, r3
  46 0012 FFF7FEFF 		bl	memset
  78:Generated_Source\PSoC4/cyfitter_cfg.c **** }
  47              		.loc 1 78 0
  48 0016 C046     		nop
  49 0018 BD46     		mov	sp, r7
  50 001a 02B0     		add	sp, sp, #8
  51              		@ sp needed
  52 001c 80BD     		pop	{r7, pc}
  53              		.cfi_endproc
  54              	.LFE0:
  55              		.size	CYMEMZERO, .-CYMEMZERO
  56 001e C046     		.section	.text.CYCONFIGCPY,"ax",%progbits
  57              		.align	2
  58              		.code	16
  59              		.thumb_func
  60              		.type	CYCONFIGCPY, %function
  61              	CYCONFIGCPY:
  62              	.LFB1:
  79:Generated_Source\PSoC4/cyfitter_cfg.c **** CY_CFG_UNUSED
  80:Generated_Source\PSoC4/cyfitter_cfg.c **** static void CYCONFIGCPY(void *dest, const void *src, size_t n);
  81:Generated_Source\PSoC4/cyfitter_cfg.c **** CY_CFG_UNUSED
  82:Generated_Source\PSoC4/cyfitter_cfg.c **** static void CYCONFIGCPY(void *dest, const void *src, size_t n)
  83:Generated_Source\PSoC4/cyfitter_cfg.c **** {
  63              		.loc 1 83 0
  64              		.cfi_startproc
  65              		@ args = 0, pretend = 0, frame = 16
  66              		@ frame_needed = 1, uses_anonymous_args = 0
  67 0000 80B5     		push	{r7, lr}
  68              		.cfi_def_cfa_offset 8
  69              		.cfi_offset 7, -8
  70              		.cfi_offset 14, -4
  71 0002 84B0     		sub	sp, sp, #16
  72              		.cfi_def_cfa_offset 24
  73 0004 00AF     		add	r7, sp, #0
  74              		.cfi_def_cfa_register 7
  75 0006 F860     		str	r0, [r7, #12]
  76 0008 B960     		str	r1, [r7, #8]
  77 000a 7A60     		str	r2, [r7, #4]
  84:Generated_Source\PSoC4/cyfitter_cfg.c **** 	(void)memcpy(dest, src, n);
  78              		.loc 1 84 0
  79 000c 7A68     		ldr	r2, [r7, #4]
  80 000e B968     		ldr	r1, [r7, #8]
  81 0010 FB68     		ldr	r3, [r7, #12]
  82 0012 1800     		movs	r0, r3
  83 0014 FFF7FEFF 		bl	memcpy
  85:Generated_Source\PSoC4/cyfitter_cfg.c **** }
  84              		.loc 1 85 0
  85 0018 C046     		nop
  86 001a BD46     		mov	sp, r7
ARM GAS  C:\Users\okuntso\AppData\Local\Temp\ccMLphyh.s 			page 4


  87 001c 04B0     		add	sp, sp, #16
  88              		@ sp needed
  89 001e 80BD     		pop	{r7, pc}
  90              		.cfi_endproc
  91              	.LFE1:
  92              		.size	CYCONFIGCPY, .-CYCONFIGCPY
  93              		.section	.text.CYCONFIGCPYCODE,"ax",%progbits
  94              		.align	2
  95              		.code	16
  96              		.thumb_func
  97              		.type	CYCONFIGCPYCODE, %function
  98              	CYCONFIGCPYCODE:
  99              	.LFB2:
  86:Generated_Source\PSoC4/cyfitter_cfg.c **** CY_CFG_UNUSED
  87:Generated_Source\PSoC4/cyfitter_cfg.c **** static void CYCONFIGCPYCODE(void *dest, const void *src, size_t n);
  88:Generated_Source\PSoC4/cyfitter_cfg.c **** CY_CFG_UNUSED
  89:Generated_Source\PSoC4/cyfitter_cfg.c **** static void CYCONFIGCPYCODE(void *dest, const void *src, size_t n)
  90:Generated_Source\PSoC4/cyfitter_cfg.c **** {
 100              		.loc 1 90 0
 101              		.cfi_startproc
 102              		@ args = 0, pretend = 0, frame = 16
 103              		@ frame_needed = 1, uses_anonymous_args = 0
 104 0000 80B5     		push	{r7, lr}
 105              		.cfi_def_cfa_offset 8
 106              		.cfi_offset 7, -8
 107              		.cfi_offset 14, -4
 108 0002 84B0     		sub	sp, sp, #16
 109              		.cfi_def_cfa_offset 24
 110 0004 00AF     		add	r7, sp, #0
 111              		.cfi_def_cfa_register 7
 112 0006 F860     		str	r0, [r7, #12]
 113 0008 B960     		str	r1, [r7, #8]
 114 000a 7A60     		str	r2, [r7, #4]
  91:Generated_Source\PSoC4/cyfitter_cfg.c **** 	(void)memcpy(dest, src, n);
 115              		.loc 1 91 0
 116 000c 7A68     		ldr	r2, [r7, #4]
 117 000e B968     		ldr	r1, [r7, #8]
 118 0010 FB68     		ldr	r3, [r7, #12]
 119 0012 1800     		movs	r0, r3
 120 0014 FFF7FEFF 		bl	memcpy
  92:Generated_Source\PSoC4/cyfitter_cfg.c **** }
 121              		.loc 1 92 0
 122 0018 C046     		nop
 123 001a BD46     		mov	sp, r7
 124 001c 04B0     		add	sp, sp, #16
 125              		@ sp needed
 126 001e 80BD     		pop	{r7, pc}
 127              		.cfi_endproc
 128              	.LFE2:
 129              		.size	CYCONFIGCPYCODE, .-CYCONFIGCPYCODE
 130              		.section	.psocinit,"ax",%progbits
 131              		.align	2
 132              		.code	16
 133              		.thumb_func
 134              		.type	ClockSetup, %function
 135              	ClockSetup:
 136              	.LFB3:
ARM GAS  C:\Users\okuntso\AppData\Local\Temp\ccMLphyh.s 			page 5


  93:Generated_Source\PSoC4/cyfitter_cfg.c **** 
  94:Generated_Source\PSoC4/cyfitter_cfg.c **** 
  95:Generated_Source\PSoC4/cyfitter_cfg.c **** 
  96:Generated_Source\PSoC4/cyfitter_cfg.c **** 
  97:Generated_Source\PSoC4/cyfitter_cfg.c **** /* Clock startup error codes                                                   */
  98:Generated_Source\PSoC4/cyfitter_cfg.c **** #define CYCLOCKSTART_NO_ERROR    0u
  99:Generated_Source\PSoC4/cyfitter_cfg.c **** #define CYCLOCKSTART_XTAL_ERROR  1u
 100:Generated_Source\PSoC4/cyfitter_cfg.c **** #define CYCLOCKSTART_32KHZ_ERROR 2u
 101:Generated_Source\PSoC4/cyfitter_cfg.c **** #define CYCLOCKSTART_PLL_ERROR   3u
 102:Generated_Source\PSoC4/cyfitter_cfg.c **** #define CYCLOCKSTART_FLL_ERROR   4u
 103:Generated_Source\PSoC4/cyfitter_cfg.c **** #define CYCLOCKSTART_WCO_ERROR   5u
 104:Generated_Source\PSoC4/cyfitter_cfg.c **** 
 105:Generated_Source\PSoC4/cyfitter_cfg.c **** 
 106:Generated_Source\PSoC4/cyfitter_cfg.c **** #ifdef CY_NEED_CYCLOCKSTARTUPERROR
 107:Generated_Source\PSoC4/cyfitter_cfg.c **** /*******************************************************************************
 108:Generated_Source\PSoC4/cyfitter_cfg.c **** * Function Name: CyClockStartupError
 109:Generated_Source\PSoC4/cyfitter_cfg.c **** ********************************************************************************
 110:Generated_Source\PSoC4/cyfitter_cfg.c **** * Summary:
 111:Generated_Source\PSoC4/cyfitter_cfg.c **** *  If an error is encountered during clock configuration (crystal startup error,
 112:Generated_Source\PSoC4/cyfitter_cfg.c **** *  PLL lock error, etc.), the system will end up here.  Unless reimplemented by
 113:Generated_Source\PSoC4/cyfitter_cfg.c **** *  the customer, this function will stop in an infinite loop.
 114:Generated_Source\PSoC4/cyfitter_cfg.c **** *
 115:Generated_Source\PSoC4/cyfitter_cfg.c **** * Parameters:
 116:Generated_Source\PSoC4/cyfitter_cfg.c **** *   void
 117:Generated_Source\PSoC4/cyfitter_cfg.c **** *
 118:Generated_Source\PSoC4/cyfitter_cfg.c **** * Return:
 119:Generated_Source\PSoC4/cyfitter_cfg.c **** *   void
 120:Generated_Source\PSoC4/cyfitter_cfg.c **** *
 121:Generated_Source\PSoC4/cyfitter_cfg.c **** *******************************************************************************/
 122:Generated_Source\PSoC4/cyfitter_cfg.c **** CY_CFG_UNUSED
 123:Generated_Source\PSoC4/cyfitter_cfg.c **** static void CyClockStartupError(uint8 errorCode);
 124:Generated_Source\PSoC4/cyfitter_cfg.c **** CY_CFG_UNUSED
 125:Generated_Source\PSoC4/cyfitter_cfg.c **** static void CyClockStartupError(uint8 errorCode)
 126:Generated_Source\PSoC4/cyfitter_cfg.c **** {
 127:Generated_Source\PSoC4/cyfitter_cfg.c ****     /* To remove the compiler warning if errorCode not used.                */
 128:Generated_Source\PSoC4/cyfitter_cfg.c ****     errorCode = errorCode;
 129:Generated_Source\PSoC4/cyfitter_cfg.c **** 
 130:Generated_Source\PSoC4/cyfitter_cfg.c ****     /* If we have a clock startup error (bad MHz crystal, PLL lock, etc.),  */
 131:Generated_Source\PSoC4/cyfitter_cfg.c ****     /* we will end up here to allow the customer to implement something to  */
 132:Generated_Source\PSoC4/cyfitter_cfg.c ****     /* deal with the clock condition.                                       */
 133:Generated_Source\PSoC4/cyfitter_cfg.c **** 
 134:Generated_Source\PSoC4/cyfitter_cfg.c **** #ifdef CY_CFG_CLOCK_STARTUP_ERROR_CALLBACK
 135:Generated_Source\PSoC4/cyfitter_cfg.c ****     CY_CFG_Clock_Startup_ErrorCallback();
 136:Generated_Source\PSoC4/cyfitter_cfg.c **** #else
 137:Generated_Source\PSoC4/cyfitter_cfg.c ****     /*  If not using CY_CFG_CLOCK_STARTUP_ERROR_CALLBACK, place your clock startup code here. */
 138:Generated_Source\PSoC4/cyfitter_cfg.c ****     /* `#START CyClockStartupError` */
 139:Generated_Source\PSoC4/cyfitter_cfg.c **** 
 140:Generated_Source\PSoC4/cyfitter_cfg.c **** 
 141:Generated_Source\PSoC4/cyfitter_cfg.c **** 
 142:Generated_Source\PSoC4/cyfitter_cfg.c ****     /* `#END` */
 143:Generated_Source\PSoC4/cyfitter_cfg.c **** 
 144:Generated_Source\PSoC4/cyfitter_cfg.c ****     while(1) {}
 145:Generated_Source\PSoC4/cyfitter_cfg.c **** #endif /* CY_CFG_CLOCK_STARTUP_ERROR_CALLBACK */
 146:Generated_Source\PSoC4/cyfitter_cfg.c **** }
 147:Generated_Source\PSoC4/cyfitter_cfg.c **** #endif
 148:Generated_Source\PSoC4/cyfitter_cfg.c **** 
 149:Generated_Source\PSoC4/cyfitter_cfg.c **** 
ARM GAS  C:\Users\okuntso\AppData\Local\Temp\ccMLphyh.s 			page 6


 150:Generated_Source\PSoC4/cyfitter_cfg.c **** 
 151:Generated_Source\PSoC4/cyfitter_cfg.c **** /*******************************************************************************
 152:Generated_Source\PSoC4/cyfitter_cfg.c **** * Function Name: ClockSetup
 153:Generated_Source\PSoC4/cyfitter_cfg.c **** ********************************************************************************
 154:Generated_Source\PSoC4/cyfitter_cfg.c **** *
 155:Generated_Source\PSoC4/cyfitter_cfg.c **** * Summary:
 156:Generated_Source\PSoC4/cyfitter_cfg.c **** *   Performs the initialization of all of the clocks in the device based on the
 157:Generated_Source\PSoC4/cyfitter_cfg.c **** *   settings in the Clock tab of the DWR.  This includes enabling the requested
 158:Generated_Source\PSoC4/cyfitter_cfg.c **** *   clocks and setting the necessary dividers to produce the desired frequency. 
 159:Generated_Source\PSoC4/cyfitter_cfg.c **** *
 160:Generated_Source\PSoC4/cyfitter_cfg.c **** * Parameters:
 161:Generated_Source\PSoC4/cyfitter_cfg.c **** *   void
 162:Generated_Source\PSoC4/cyfitter_cfg.c **** *
 163:Generated_Source\PSoC4/cyfitter_cfg.c **** * Return:
 164:Generated_Source\PSoC4/cyfitter_cfg.c **** *   void
 165:Generated_Source\PSoC4/cyfitter_cfg.c **** *
 166:Generated_Source\PSoC4/cyfitter_cfg.c **** *******************************************************************************/
 167:Generated_Source\PSoC4/cyfitter_cfg.c **** static void ClockSetup(void);
 168:Generated_Source\PSoC4/cyfitter_cfg.c **** CY_CFG_SECTION
 169:Generated_Source\PSoC4/cyfitter_cfg.c **** static void ClockSetup(void)
 170:Generated_Source\PSoC4/cyfitter_cfg.c **** {
 137              		.loc 1 170 0
 138              		.cfi_startproc
 139              		@ args = 0, pretend = 0, frame = 0
 140              		@ frame_needed = 1, uses_anonymous_args = 0
 141 0000 80B5     		push	{r7, lr}
 142              		.cfi_def_cfa_offset 8
 143              		.cfi_offset 7, -8
 144              		.cfi_offset 14, -4
 145 0002 00AF     		add	r7, sp, #0
 146              		.cfi_def_cfa_register 7
 171:Generated_Source\PSoC4/cyfitter_cfg.c **** 	/* Enable HALF_EN before trimming for the flash accelerator. */
 172:Generated_Source\PSoC4/cyfitter_cfg.c **** 	CY_SET_REG32((void CYXDATA *)(CYREG_CLK_SELECT), (CY_GET_REG32((void *)CYREG_CLK_SELECT) | 0x00040
 147              		.loc 1 172 0
 148 0004 0F4B     		ldr	r3, .L5
 149 0006 0F4A     		ldr	r2, .L5
 150 0008 1268     		ldr	r2, [r2]
 151 000a 8021     		movs	r1, #128
 152 000c C902     		lsls	r1, r1, #11
 153 000e 0A43     		orrs	r2, r1
 154 0010 1A60     		str	r2, [r3]
 173:Generated_Source\PSoC4/cyfitter_cfg.c **** 
 174:Generated_Source\PSoC4/cyfitter_cfg.c **** 	/* Setup and trim IMO based on desired frequency. */
 175:Generated_Source\PSoC4/cyfitter_cfg.c **** 	CySysClkWriteImoFreq(24u);
 155              		.loc 1 175 0
 156 0012 1820     		movs	r0, #24
 157 0014 FFF7FEFF 		bl	CySysClkWriteImoFreq
 176:Generated_Source\PSoC4/cyfitter_cfg.c **** 
 177:Generated_Source\PSoC4/cyfitter_cfg.c **** 	/* Disable HALF_EN since it is not required at this IMO frequency. */
 178:Generated_Source\PSoC4/cyfitter_cfg.c **** 	CY_SET_REG32((void CYXDATA *)(CYREG_CLK_SELECT), (CY_GET_REG32((void *)CYREG_CLK_SELECT) & 0xFFFBF
 158              		.loc 1 178 0
 159 0018 0A4B     		ldr	r3, .L5
 160 001a 0A4A     		ldr	r2, .L5
 161 001c 1268     		ldr	r2, [r2]
 162 001e 0A49     		ldr	r1, .L5+4
 163 0020 0A40     		ands	r2, r1
 164 0022 1A60     		str	r2, [r3]
ARM GAS  C:\Users\okuntso\AppData\Local\Temp\ccMLphyh.s 			page 7


 179:Generated_Source\PSoC4/cyfitter_cfg.c **** 	/* CYDEV_CLK_ILO_CONFIG Starting address: CYDEV_CLK_ILO_CONFIG */
 180:Generated_Source\PSoC4/cyfitter_cfg.c **** 	CY_SET_REG32((void *)(CYREG_CLK_ILO_CONFIG), 0x80000006u);
 165              		.loc 1 180 0
 166 0024 094B     		ldr	r3, .L5+8
 167 0026 0A4A     		ldr	r2, .L5+12
 168 0028 1A60     		str	r2, [r3]
 181:Generated_Source\PSoC4/cyfitter_cfg.c **** 
 182:Generated_Source\PSoC4/cyfitter_cfg.c **** 
 183:Generated_Source\PSoC4/cyfitter_cfg.c **** 	/* CYDEV_CLK_IMO_CONFIG Starting address: CYDEV_CLK_IMO_CONFIG */
 184:Generated_Source\PSoC4/cyfitter_cfg.c **** 	CY_SET_REG32((void *)(CYREG_CLK_IMO_CONFIG), 0x80000000u);
 169              		.loc 1 184 0
 170 002a 0A4B     		ldr	r3, .L5+16
 171 002c 8022     		movs	r2, #128
 172 002e 1206     		lsls	r2, r2, #24
 173 0030 1A60     		str	r2, [r3]
 185:Generated_Source\PSoC4/cyfitter_cfg.c **** 
 186:Generated_Source\PSoC4/cyfitter_cfg.c **** 	/* CYDEV_CLK_SELECT Starting address: CYDEV_CLK_SELECT */
 187:Generated_Source\PSoC4/cyfitter_cfg.c **** 	CY_SET_REG32((void *)(CYREG_CLK_SELECT), 0x00000000u);
 174              		.loc 1 187 0
 175 0032 044B     		ldr	r3, .L5
 176 0034 0022     		movs	r2, #0
 177 0036 1A60     		str	r2, [r3]
 188:Generated_Source\PSoC4/cyfitter_cfg.c **** 
 189:Generated_Source\PSoC4/cyfitter_cfg.c **** 	CY_SET_REG32((void *)(CYREG_WDT_CONFIG), 0x00000000u);
 178              		.loc 1 189 0
 179 0038 074B     		ldr	r3, .L5+20
 180 003a 0022     		movs	r2, #0
 181 003c 1A60     		str	r2, [r3]
 190:Generated_Source\PSoC4/cyfitter_cfg.c **** }
 182              		.loc 1 190 0
 183 003e C046     		nop
 184 0040 BD46     		mov	sp, r7
 185              		@ sp needed
 186 0042 80BD     		pop	{r7, pc}
 187              	.L6:
 188              		.align	2
 189              	.L5:
 190 0044 00010B40 		.word	1074462976
 191 0048 FFFFFBFF 		.word	-262145
 192 004c 04010B40 		.word	1074462980
 193 0050 06000080 		.word	-2147483642
 194 0054 08010B40 		.word	1074462984
 195 0058 0C020B40 		.word	1074463244
 196              		.cfi_endproc
 197              	.LFE3:
 198              		.size	ClockSetup, .-ClockSetup
 199              		.section	.text.AnalogSetDefault,"ax",%progbits
 200              		.align	2
 201              		.code	16
 202              		.thumb_func
 203              		.type	AnalogSetDefault, %function
 204              	AnalogSetDefault:
 205              	.LFB4:
 191:Generated_Source\PSoC4/cyfitter_cfg.c **** 
 192:Generated_Source\PSoC4/cyfitter_cfg.c **** 
 193:Generated_Source\PSoC4/cyfitter_cfg.c **** /* Analog API Functions */
 194:Generated_Source\PSoC4/cyfitter_cfg.c **** 
ARM GAS  C:\Users\okuntso\AppData\Local\Temp\ccMLphyh.s 			page 8


 195:Generated_Source\PSoC4/cyfitter_cfg.c **** 
 196:Generated_Source\PSoC4/cyfitter_cfg.c **** /*******************************************************************************
 197:Generated_Source\PSoC4/cyfitter_cfg.c **** * Function Name: AnalogSetDefault
 198:Generated_Source\PSoC4/cyfitter_cfg.c **** ********************************************************************************
 199:Generated_Source\PSoC4/cyfitter_cfg.c **** *
 200:Generated_Source\PSoC4/cyfitter_cfg.c **** * Summary:
 201:Generated_Source\PSoC4/cyfitter_cfg.c **** *  Sets up the analog portions of the chip to default values based on chip
 202:Generated_Source\PSoC4/cyfitter_cfg.c **** *  configuration options from the project.
 203:Generated_Source\PSoC4/cyfitter_cfg.c **** *
 204:Generated_Source\PSoC4/cyfitter_cfg.c **** * Parameters:
 205:Generated_Source\PSoC4/cyfitter_cfg.c **** *  void
 206:Generated_Source\PSoC4/cyfitter_cfg.c **** *
 207:Generated_Source\PSoC4/cyfitter_cfg.c **** * Return:
 208:Generated_Source\PSoC4/cyfitter_cfg.c **** *  void
 209:Generated_Source\PSoC4/cyfitter_cfg.c **** *
 210:Generated_Source\PSoC4/cyfitter_cfg.c **** *******************************************************************************/
 211:Generated_Source\PSoC4/cyfitter_cfg.c **** static void AnalogSetDefault(void);
 212:Generated_Source\PSoC4/cyfitter_cfg.c **** static void AnalogSetDefault(void)
 213:Generated_Source\PSoC4/cyfitter_cfg.c **** {
 206              		.loc 1 213 0
 207              		.cfi_startproc
 208              		@ args = 0, pretend = 0, frame = 0
 209              		@ frame_needed = 1, uses_anonymous_args = 0
 210 0000 80B5     		push	{r7, lr}
 211              		.cfi_def_cfa_offset 8
 212              		.cfi_offset 7, -8
 213              		.cfi_offset 14, -4
 214 0002 00AF     		add	r7, sp, #0
 215              		.cfi_def_cfa_register 7
 214:Generated_Source\PSoC4/cyfitter_cfg.c **** }
 216              		.loc 1 214 0
 217 0004 C046     		nop
 218 0006 BD46     		mov	sp, r7
 219              		@ sp needed
 220 0008 80BD     		pop	{r7, pc}
 221              		.cfi_endproc
 222              	.LFE4:
 223              		.size	AnalogSetDefault, .-AnalogSetDefault
 224 000a C046     		.section	.psocinit
 225              		.align	2
 226              		.global	cyfitter_cfg
 227              		.code	16
 228              		.thumb_func
 229              		.type	cyfitter_cfg, %function
 230              	cyfitter_cfg:
 231              	.LFB5:
 215:Generated_Source\PSoC4/cyfitter_cfg.c **** 
 216:Generated_Source\PSoC4/cyfitter_cfg.c **** 
 217:Generated_Source\PSoC4/cyfitter_cfg.c **** 
 218:Generated_Source\PSoC4/cyfitter_cfg.c **** 
 219:Generated_Source\PSoC4/cyfitter_cfg.c **** /*******************************************************************************
 220:Generated_Source\PSoC4/cyfitter_cfg.c **** * Function Name: cyfitter_cfg
 221:Generated_Source\PSoC4/cyfitter_cfg.c **** ********************************************************************************
 222:Generated_Source\PSoC4/cyfitter_cfg.c **** * Summary:
 223:Generated_Source\PSoC4/cyfitter_cfg.c **** *  This function is called by the start-up code for the selected device. It
 224:Generated_Source\PSoC4/cyfitter_cfg.c **** *  performs all of the necessary device configuration based on the design
 225:Generated_Source\PSoC4/cyfitter_cfg.c **** *  settings.  This includes settings from the Design Wide Resources (DWR) such
ARM GAS  C:\Users\okuntso\AppData\Local\Temp\ccMLphyh.s 			page 9


 226:Generated_Source\PSoC4/cyfitter_cfg.c **** *  as Clocks and Pins as well as any component configuration that is necessary.
 227:Generated_Source\PSoC4/cyfitter_cfg.c **** *
 228:Generated_Source\PSoC4/cyfitter_cfg.c **** * Parameters:
 229:Generated_Source\PSoC4/cyfitter_cfg.c **** *   void
 230:Generated_Source\PSoC4/cyfitter_cfg.c **** *
 231:Generated_Source\PSoC4/cyfitter_cfg.c **** * Return:
 232:Generated_Source\PSoC4/cyfitter_cfg.c **** *   void
 233:Generated_Source\PSoC4/cyfitter_cfg.c **** *
 234:Generated_Source\PSoC4/cyfitter_cfg.c **** *******************************************************************************/
 235:Generated_Source\PSoC4/cyfitter_cfg.c **** CY_CFG_SECTION
 236:Generated_Source\PSoC4/cyfitter_cfg.c **** void cyfitter_cfg(void)
 237:Generated_Source\PSoC4/cyfitter_cfg.c **** {
 232              		.loc 1 237 0
 233              		.cfi_startproc
 234              		@ args = 0, pretend = 0, frame = 8
 235              		@ frame_needed = 1, uses_anonymous_args = 0
 236 005c 80B5     		push	{r7, lr}
 237              		.cfi_def_cfa_offset 8
 238              		.cfi_offset 7, -8
 239              		.cfi_offset 14, -4
 240 005e 82B0     		sub	sp, sp, #8
 241              		.cfi_def_cfa_offset 16
 242 0060 00AF     		add	r7, sp, #0
 243              		.cfi_def_cfa_register 7
 238:Generated_Source\PSoC4/cyfitter_cfg.c **** 	/* Disable interrupts by default. Let user enable if/when they want. */
 239:Generated_Source\PSoC4/cyfitter_cfg.c **** 	CyGlobalIntDisable;
 244              		.loc 1 239 0
 245              		.syntax divided
 246              	@ 239 "Generated_Source\PSoC4\cyfitter_cfg.c" 1
 247 0062 72B6     		CPSID   i
 248              	@ 0 "" 2
 249              		.thumb
 250              		.syntax unified
 251              	.LBB2:
 240:Generated_Source\PSoC4/cyfitter_cfg.c **** 
 241:Generated_Source\PSoC4/cyfitter_cfg.c **** 	{
 242:Generated_Source\PSoC4/cyfitter_cfg.c **** 
 243:Generated_Source\PSoC4/cyfitter_cfg.c **** 		CYPACKED typedef struct {
 244:Generated_Source\PSoC4/cyfitter_cfg.c **** 			void CYFAR *address;
 245:Generated_Source\PSoC4/cyfitter_cfg.c **** 			uint16 size;
 246:Generated_Source\PSoC4/cyfitter_cfg.c **** 		} CYPACKED_ATTR cfg_memset_t;
 247:Generated_Source\PSoC4/cyfitter_cfg.c **** 
 248:Generated_Source\PSoC4/cyfitter_cfg.c **** 		static const cfg_memset_t CYCODE cfg_memset_list[] = {
 249:Generated_Source\PSoC4/cyfitter_cfg.c **** 			/* address, size */
 250:Generated_Source\PSoC4/cyfitter_cfg.c **** 			{(void CYFAR *)(CYDEV_UDB_P0_U0_BASE), 1024u},
 251:Generated_Source\PSoC4/cyfitter_cfg.c **** 			{(void CYFAR *)(CYDEV_UDB_DSI0_BASE), 1024u},
 252:Generated_Source\PSoC4/cyfitter_cfg.c **** 		};
 253:Generated_Source\PSoC4/cyfitter_cfg.c **** 
 254:Generated_Source\PSoC4/cyfitter_cfg.c **** 		uint8 CYDATA i;
 255:Generated_Source\PSoC4/cyfitter_cfg.c **** 
 256:Generated_Source\PSoC4/cyfitter_cfg.c **** 		/* Zero out critical memory blocks before beginning configuration */
 257:Generated_Source\PSoC4/cyfitter_cfg.c **** 		for (i = 0u; i < (sizeof(cfg_memset_list)/sizeof(cfg_memset_list[0])); i++)
 252              		.loc 1 257 0
 253 0064 FB1D     		adds	r3, r7, #7
 254 0066 0022     		movs	r2, #0
 255 0068 1A70     		strb	r2, [r3]
 256 006a 22E0     		b	.L9
ARM GAS  C:\Users\okuntso\AppData\Local\Temp\ccMLphyh.s 			page 10


 257              	.L10:
 258              	.LBB3:
 258:Generated_Source\PSoC4/cyfitter_cfg.c **** 		{
 259:Generated_Source\PSoC4/cyfitter_cfg.c **** 			const cfg_memset_t CYCODE * CYDATA ms = &cfg_memset_list[i];
 259              		.loc 1 259 0 discriminator 3
 260 006c FB1D     		adds	r3, r7, #7
 261 006e 1A78     		ldrb	r2, [r3]
 262 0070 1300     		movs	r3, r2
 263 0072 5B00     		lsls	r3, r3, #1
 264 0074 9B18     		adds	r3, r3, r2
 265 0076 5B00     		lsls	r3, r3, #1
 266 0078 234A     		ldr	r2, .L11
 267 007a 9B18     		adds	r3, r3, r2
 268 007c 3B60     		str	r3, [r7]
 260:Generated_Source\PSoC4/cyfitter_cfg.c **** 			CYMEMZERO(ms->address, (size_t)(uint32)(ms->size));
 269              		.loc 1 260 0 discriminator 3
 270 007e 3B68     		ldr	r3, [r7]
 271 0080 1A78     		ldrb	r2, [r3]
 272 0082 5978     		ldrb	r1, [r3, #1]
 273 0084 0902     		lsls	r1, r1, #8
 274 0086 0A43     		orrs	r2, r1
 275 0088 9978     		ldrb	r1, [r3, #2]
 276 008a 0904     		lsls	r1, r1, #16
 277 008c 0A43     		orrs	r2, r1
 278 008e DB78     		ldrb	r3, [r3, #3]
 279 0090 1B06     		lsls	r3, r3, #24
 280 0092 1343     		orrs	r3, r2
 281 0094 1800     		movs	r0, r3
 282 0096 3B68     		ldr	r3, [r7]
 283 0098 1A79     		ldrb	r2, [r3, #4]
 284 009a 5B79     		ldrb	r3, [r3, #5]
 285 009c 1B02     		lsls	r3, r3, #8
 286 009e 1343     		orrs	r3, r2
 287 00a0 9BB2     		uxth	r3, r3
 288 00a2 1900     		movs	r1, r3
 289 00a4 FFF7FEFF 		bl	CYMEMZERO
 290              	.LBE3:
 257:Generated_Source\PSoC4/cyfitter_cfg.c **** 		{
 291              		.loc 1 257 0 discriminator 3
 292 00a8 FB1D     		adds	r3, r7, #7
 293 00aa 1A78     		ldrb	r2, [r3]
 294 00ac FB1D     		adds	r3, r7, #7
 295 00ae 0132     		adds	r2, r2, #1
 296 00b0 1A70     		strb	r2, [r3]
 297              	.L9:
 257:Generated_Source\PSoC4/cyfitter_cfg.c **** 		{
 298              		.loc 1 257 0 is_stmt 0 discriminator 1
 299 00b2 FB1D     		adds	r3, r7, #7
 300 00b4 1B78     		ldrb	r3, [r3]
 301 00b6 012B     		cmp	r3, #1
 302 00b8 D8D9     		bls	.L10
 261:Generated_Source\PSoC4/cyfitter_cfg.c **** 		}
 262:Generated_Source\PSoC4/cyfitter_cfg.c **** 
 263:Generated_Source\PSoC4/cyfitter_cfg.c **** 		/* HSIOM Starting address: CYDEV_HSIOM_BASE */
 264:Generated_Source\PSoC4/cyfitter_cfg.c **** 		CY_SET_REG32((void *)(CYREG_HSIOM_PORT_SEL3), 0x0000EE00u);
 303              		.loc 1 264 0 is_stmt 1
 304 00ba 144B     		ldr	r3, .L11+4
ARM GAS  C:\Users\okuntso\AppData\Local\Temp\ccMLphyh.s 			page 11


 305 00bc EE22     		movs	r2, #238
 306 00be 1202     		lsls	r2, r2, #8
 307 00c0 1A60     		str	r2, [r3]
 265:Generated_Source\PSoC4/cyfitter_cfg.c **** 
 266:Generated_Source\PSoC4/cyfitter_cfg.c **** 		/* UDB_PA_0 Starting address: CYDEV_UDB_PA0_BASE */
 267:Generated_Source\PSoC4/cyfitter_cfg.c **** 		CY_SET_REG32((void *)(CYDEV_UDB_PA0_BASE), 0x00990000u);
 308              		.loc 1 267 0
 309 00c2 134B     		ldr	r3, .L11+8
 310 00c4 9922     		movs	r2, #153
 311 00c6 1204     		lsls	r2, r2, #16
 312 00c8 1A60     		str	r2, [r3]
 268:Generated_Source\PSoC4/cyfitter_cfg.c **** 
 269:Generated_Source\PSoC4/cyfitter_cfg.c **** 		/* UDB_PA_3 Starting address: CYDEV_UDB_PA3_BASE */
 270:Generated_Source\PSoC4/cyfitter_cfg.c **** 		CY_SET_REG32((void *)(CYDEV_UDB_PA3_BASE), 0x00990000u);
 313              		.loc 1 270 0
 314 00ca 124B     		ldr	r3, .L11+12
 315 00cc 9922     		movs	r2, #153
 316 00ce 1204     		lsls	r2, r2, #16
 317 00d0 1A60     		str	r2, [r3]
 271:Generated_Source\PSoC4/cyfitter_cfg.c **** 
 272:Generated_Source\PSoC4/cyfitter_cfg.c **** 		/* Enable digital routing */
 273:Generated_Source\PSoC4/cyfitter_cfg.c **** 		CY_SET_XTND_REG8((void *)CYREG_UDB_UDBIF_BANK_CTL, (uint8)(CY_GET_XTND_REG8((void *)CYREG_UDB_UDB
 318              		.loc 1 273 0
 319 00d2 114A     		ldr	r2, .L11+16
 320 00d4 104B     		ldr	r3, .L11+16
 321 00d6 1B78     		ldrb	r3, [r3]
 322 00d8 DBB2     		uxtb	r3, r3
 323 00da 0621     		movs	r1, #6
 324 00dc 0B43     		orrs	r3, r1
 325 00de DBB2     		uxtb	r3, r3
 326 00e0 1370     		strb	r3, [r2]
 327              	.LBE2:
 274:Generated_Source\PSoC4/cyfitter_cfg.c **** 	}
 275:Generated_Source\PSoC4/cyfitter_cfg.c **** 
 276:Generated_Source\PSoC4/cyfitter_cfg.c **** 	/* Perform second pass device configuration. These items must be configured in specific order afte
 277:Generated_Source\PSoC4/cyfitter_cfg.c **** 	/* IOPINS0_0 Starting address: CYDEV_PRT0_BASE */
 278:Generated_Source\PSoC4/cyfitter_cfg.c **** 	CY_SET_REG32((void *)(CYDEV_PRT0_BASE), 0x00000020u);
 328              		.loc 1 278 0
 329 00e2 0E4B     		ldr	r3, .L11+20
 330 00e4 2022     		movs	r2, #32
 331 00e6 1A60     		str	r2, [r3]
 279:Generated_Source\PSoC4/cyfitter_cfg.c **** 	CY_SET_REG32((void *)(CYREG_PRT0_PC), 0x00030000u);
 332              		.loc 1 279 0
 333 00e8 0D4B     		ldr	r3, .L11+24
 334 00ea C022     		movs	r2, #192
 335 00ec 9202     		lsls	r2, r2, #10
 336 00ee 1A60     		str	r2, [r3]
 280:Generated_Source\PSoC4/cyfitter_cfg.c **** 
 281:Generated_Source\PSoC4/cyfitter_cfg.c **** 	/* IOPINS0_3 Starting address: CYDEV_PRT3_BASE */
 282:Generated_Source\PSoC4/cyfitter_cfg.c **** 	CY_SET_REG32((void *)(CYREG_PRT3_PC), 0x00000D80u);
 337              		.loc 1 282 0
 338 00f0 0C4B     		ldr	r3, .L11+28
 339 00f2 D822     		movs	r2, #216
 340 00f4 1201     		lsls	r2, r2, #4
 341 00f6 1A60     		str	r2, [r3]
 283:Generated_Source\PSoC4/cyfitter_cfg.c **** 
 284:Generated_Source\PSoC4/cyfitter_cfg.c **** 
ARM GAS  C:\Users\okuntso\AppData\Local\Temp\ccMLphyh.s 			page 12


 285:Generated_Source\PSoC4/cyfitter_cfg.c **** 	/* Setup clocks based on selections from Clock DWR */
 286:Generated_Source\PSoC4/cyfitter_cfg.c **** 	ClockSetup();
 342              		.loc 1 286 0
 343 00f8 FFF782FF 		bl	ClockSetup
 287:Generated_Source\PSoC4/cyfitter_cfg.c **** 
 288:Generated_Source\PSoC4/cyfitter_cfg.c **** 	/* Perform basic analog initialization to defaults */
 289:Generated_Source\PSoC4/cyfitter_cfg.c **** 	AnalogSetDefault();
 344              		.loc 1 289 0
 345 00fc FFF7FEFF 		bl	AnalogSetDefault
 290:Generated_Source\PSoC4/cyfitter_cfg.c **** 
 291:Generated_Source\PSoC4/cyfitter_cfg.c **** }
 346              		.loc 1 291 0
 347 0100 C046     		nop
 348 0102 BD46     		mov	sp, r7
 349 0104 02B0     		add	sp, sp, #8
 350              		@ sp needed
 351 0106 80BD     		pop	{r7, pc}
 352              	.L12:
 353              		.align	2
 354              	.L11:
 355 0108 00000000 		.word	cfg_memset_list.4847
 356 010c 0C000140 		.word	1073807372
 357 0110 00500F40 		.word	1074745344
 358 0114 30500F40 		.word	1074745392
 359 0118 00700F40 		.word	1074753536
 360 011c 00000440 		.word	1074003968
 361 0120 08000440 		.word	1074003976
 362 0124 08030440 		.word	1074004744
 363              		.cfi_endproc
 364              	.LFE5:
 365              		.size	cyfitter_cfg, .-cyfitter_cfg
 366              		.section	.rodata
 367              		.align	2
 368              		.type	cfg_memset_list.4847, %object
 369              		.size	cfg_memset_list.4847, 12
 370              	cfg_memset_list.4847:
 371 0000 00300F40 		.word	1074737152
 372 0004 0004     		.short	1024
 373 0006 00400F40 		.4byte	1074741248
 374 000a 0004     		.short	1024
 375              		.text
 376              	.Letext0:
 377              		.file 2 "c:\\program files (x86)\\cypress\\psoc creator\\4.3\\psoc creator\\import\\gnu\\arm\\5.4.
 378              		.file 3 "Generated_Source\\PSoC4\\cytypes.h"
 379              		.section	.debug_info,"",%progbits
 380              	.Ldebug_info0:
 381 0000 4E020000 		.4byte	0x24e
 382 0004 0400     		.2byte	0x4
 383 0006 00000000 		.4byte	.Ldebug_abbrev0
 384 000a 04       		.byte	0x4
 385 000b 01       		.uleb128 0x1
 386 000c D2000000 		.4byte	.LASF30
 387 0010 0C       		.byte	0xc
 388 0011 10020000 		.4byte	.LASF31
 389 0015 57000000 		.4byte	.LASF32
 390 0019 00000000 		.4byte	.Ldebug_ranges0+0
 391 001d 00000000 		.4byte	0
ARM GAS  C:\Users\okuntso\AppData\Local\Temp\ccMLphyh.s 			page 13


 392 0021 00000000 		.4byte	.Ldebug_line0
 393 0025 02       		.uleb128 0x2
 394 0026 04       		.byte	0x4
 395 0027 05       		.byte	0x5
 396 0028 696E7400 		.ascii	"int\000"
 397 002c 03       		.uleb128 0x3
 398 002d 06000000 		.4byte	.LASF12
 399 0031 02       		.byte	0x2
 400 0032 D8       		.byte	0xd8
 401 0033 37000000 		.4byte	0x37
 402 0037 04       		.uleb128 0x4
 403 0038 04       		.byte	0x4
 404 0039 07       		.byte	0x7
 405 003a 90010000 		.4byte	.LASF0
 406 003e 04       		.uleb128 0x4
 407 003f 08       		.byte	0x8
 408 0040 05       		.byte	0x5
 409 0041 D2010000 		.4byte	.LASF1
 410 0045 04       		.uleb128 0x4
 411 0046 08       		.byte	0x8
 412 0047 04       		.byte	0x4
 413 0048 F8010000 		.4byte	.LASF2
 414 004c 04       		.uleb128 0x4
 415 004d 01       		.byte	0x1
 416 004e 06       		.byte	0x6
 417 004f 04020000 		.4byte	.LASF3
 418 0053 04       		.uleb128 0x4
 419 0054 01       		.byte	0x1
 420 0055 08       		.byte	0x8
 421 0056 60010000 		.4byte	.LASF4
 422 005a 04       		.uleb128 0x4
 423 005b 02       		.byte	0x2
 424 005c 05       		.byte	0x5
 425 005d E5010000 		.4byte	.LASF5
 426 0061 04       		.uleb128 0x4
 427 0062 02       		.byte	0x2
 428 0063 07       		.byte	0x7
 429 0064 39000000 		.4byte	.LASF6
 430 0068 04       		.uleb128 0x4
 431 0069 04       		.byte	0x4
 432 006a 05       		.byte	0x5
 433 006b EF010000 		.4byte	.LASF7
 434 006f 04       		.uleb128 0x4
 435 0070 04       		.byte	0x4
 436 0071 07       		.byte	0x7
 437 0072 B0000000 		.4byte	.LASF8
 438 0076 04       		.uleb128 0x4
 439 0077 08       		.byte	0x8
 440 0078 07       		.byte	0x7
 441 0079 A5010000 		.4byte	.LASF9
 442 007d 04       		.uleb128 0x4
 443 007e 04       		.byte	0x4
 444 007f 07       		.byte	0x7
 445 0080 C9010000 		.4byte	.LASF10
 446 0084 05       		.uleb128 0x5
 447 0085 04       		.byte	0x4
 448 0086 04       		.uleb128 0x4
ARM GAS  C:\Users\okuntso\AppData\Local\Temp\ccMLphyh.s 			page 14


 449 0087 01       		.byte	0x1
 450 0088 08       		.byte	0x8
 451 0089 E0010000 		.4byte	.LASF11
 452 008d 06       		.uleb128 0x6
 453 008e C2000000 		.4byte	.LASF13
 454 0092 03       		.byte	0x3
 455 0093 D201     		.2byte	0x1d2
 456 0095 53000000 		.4byte	0x53
 457 0099 06       		.uleb128 0x6
 458 009a 82010000 		.4byte	.LASF14
 459 009e 03       		.byte	0x3
 460 009f D301     		.2byte	0x1d3
 461 00a1 61000000 		.4byte	0x61
 462 00a5 06       		.uleb128 0x6
 463 00a6 89010000 		.4byte	.LASF15
 464 00aa 03       		.byte	0x3
 465 00ab D401     		.2byte	0x1d4
 466 00ad 6F000000 		.4byte	0x6f
 467 00b1 04       		.uleb128 0x4
 468 00b2 04       		.byte	0x4
 469 00b3 04       		.byte	0x4
 470 00b4 4C000000 		.4byte	.LASF16
 471 00b8 04       		.uleb128 0x4
 472 00b9 08       		.byte	0x8
 473 00ba 04       		.byte	0x4
 474 00bb 6E010000 		.4byte	.LASF17
 475 00bf 06       		.uleb128 0x6
 476 00c0 AB000000 		.4byte	.LASF18
 477 00c4 03       		.byte	0x3
 478 00c5 7C02     		.2byte	0x27c
 479 00c7 CB000000 		.4byte	0xcb
 480 00cb 07       		.uleb128 0x7
 481 00cc 8D000000 		.4byte	0x8d
 482 00d0 06       		.uleb128 0x6
 483 00d1 00000000 		.4byte	.LASF19
 484 00d5 03       		.byte	0x3
 485 00d6 7E02     		.2byte	0x27e
 486 00d8 DC000000 		.4byte	0xdc
 487 00dc 07       		.uleb128 0x7
 488 00dd A5000000 		.4byte	0xa5
 489 00e1 08       		.uleb128 0x8
 490 00e2 C8000000 		.4byte	.LASF20
 491 00e6 01       		.byte	0x1
 492 00e7 4B       		.byte	0x4b
 493 00e8 00000000 		.4byte	.LFB0
 494 00ec 1E000000 		.4byte	.LFE0-.LFB0
 495 00f0 01       		.uleb128 0x1
 496 00f1 9C       		.byte	0x9c
 497 00f2 0F010000 		.4byte	0x10f
 498 00f6 09       		.uleb128 0x9
 499 00f7 7300     		.ascii	"s\000"
 500 00f9 01       		.byte	0x1
 501 00fa 4B       		.byte	0x4b
 502 00fb 84000000 		.4byte	0x84
 503 00ff 02       		.uleb128 0x2
 504 0100 91       		.byte	0x91
 505 0101 74       		.sleb128 -12
ARM GAS  C:\Users\okuntso\AppData\Local\Temp\ccMLphyh.s 			page 15


 506 0102 09       		.uleb128 0x9
 507 0103 6E00     		.ascii	"n\000"
 508 0105 01       		.byte	0x1
 509 0106 4B       		.byte	0x4b
 510 0107 2C000000 		.4byte	0x2c
 511 010b 02       		.uleb128 0x2
 512 010c 91       		.byte	0x91
 513 010d 70       		.sleb128 -16
 514 010e 00       		.byte	0
 515 010f 08       		.uleb128 0x8
 516 0110 46020000 		.4byte	.LASF21
 517 0114 01       		.byte	0x1
 518 0115 52       		.byte	0x52
 519 0116 00000000 		.4byte	.LFB1
 520 011a 20000000 		.4byte	.LFE1-.LFB1
 521 011e 01       		.uleb128 0x1
 522 011f 9C       		.byte	0x9c
 523 0120 4D010000 		.4byte	0x14d
 524 0124 0A       		.uleb128 0xa
 525 0125 52000000 		.4byte	.LASF22
 526 0129 01       		.byte	0x1
 527 012a 52       		.byte	0x52
 528 012b 84000000 		.4byte	0x84
 529 012f 02       		.uleb128 0x2
 530 0130 91       		.byte	0x91
 531 0131 74       		.sleb128 -12
 532 0132 09       		.uleb128 0x9
 533 0133 73726300 		.ascii	"src\000"
 534 0137 01       		.byte	0x1
 535 0138 52       		.byte	0x52
 536 0139 4D010000 		.4byte	0x14d
 537 013d 02       		.uleb128 0x2
 538 013e 91       		.byte	0x91
 539 013f 70       		.sleb128 -16
 540 0140 09       		.uleb128 0x9
 541 0141 6E00     		.ascii	"n\000"
 542 0143 01       		.byte	0x1
 543 0144 52       		.byte	0x52
 544 0145 2C000000 		.4byte	0x2c
 545 0149 02       		.uleb128 0x2
 546 014a 91       		.byte	0x91
 547 014b 6C       		.sleb128 -20
 548 014c 00       		.byte	0
 549 014d 0B       		.uleb128 0xb
 550 014e 04       		.byte	0x4
 551 014f 53010000 		.4byte	0x153
 552 0153 0C       		.uleb128 0xc
 553 0154 08       		.uleb128 0x8
 554 0155 36020000 		.4byte	.LASF23
 555 0159 01       		.byte	0x1
 556 015a 59       		.byte	0x59
 557 015b 00000000 		.4byte	.LFB2
 558 015f 20000000 		.4byte	.LFE2-.LFB2
 559 0163 01       		.uleb128 0x1
 560 0164 9C       		.byte	0x9c
 561 0165 92010000 		.4byte	0x192
 562 0169 0A       		.uleb128 0xa
ARM GAS  C:\Users\okuntso\AppData\Local\Temp\ccMLphyh.s 			page 16


 563 016a 52000000 		.4byte	.LASF22
 564 016e 01       		.byte	0x1
 565 016f 59       		.byte	0x59
 566 0170 84000000 		.4byte	0x84
 567 0174 02       		.uleb128 0x2
 568 0175 91       		.byte	0x91
 569 0176 74       		.sleb128 -12
 570 0177 09       		.uleb128 0x9
 571 0178 73726300 		.ascii	"src\000"
 572 017c 01       		.byte	0x1
 573 017d 59       		.byte	0x59
 574 017e 4D010000 		.4byte	0x14d
 575 0182 02       		.uleb128 0x2
 576 0183 91       		.byte	0x91
 577 0184 70       		.sleb128 -16
 578 0185 09       		.uleb128 0x9
 579 0186 6E00     		.ascii	"n\000"
 580 0188 01       		.byte	0x1
 581 0189 59       		.byte	0x59
 582 018a 2C000000 		.4byte	0x2c
 583 018e 02       		.uleb128 0x2
 584 018f 91       		.byte	0x91
 585 0190 6C       		.sleb128 -20
 586 0191 00       		.byte	0
 587 0192 0D       		.uleb128 0xd
 588 0193 2E000000 		.4byte	.LASF24
 589 0197 01       		.byte	0x1
 590 0198 A9       		.byte	0xa9
 591 0199 00000000 		.4byte	.LFB3
 592 019d 5C000000 		.4byte	.LFE3-.LFB3
 593 01a1 01       		.uleb128 0x1
 594 01a2 9C       		.byte	0x9c
 595 01a3 0E       		.uleb128 0xe
 596 01a4 0D000000 		.4byte	.LASF25
 597 01a8 01       		.byte	0x1
 598 01a9 D4       		.byte	0xd4
 599 01aa 00000000 		.4byte	.LFB4
 600 01ae 0A000000 		.4byte	.LFE4-.LFB4
 601 01b2 01       		.uleb128 0x1
 602 01b3 9C       		.byte	0x9c
 603 01b4 0F       		.uleb128 0xf
 604 01b5 75010000 		.4byte	.LASF33
 605 01b9 01       		.byte	0x1
 606 01ba EC       		.byte	0xec
 607 01bb 5C000000 		.4byte	.LFB5
 608 01bf CC000000 		.4byte	.LFE5-.LFB5
 609 01c3 01       		.uleb128 0x1
 610 01c4 9C       		.byte	0x9c
 611 01c5 10       		.uleb128 0x10
 612 01c6 64000000 		.4byte	.LBB2
 613 01ca 7E000000 		.4byte	.LBE2-.LBB2
 614 01ce 11       		.uleb128 0x11
 615 01cf 06       		.byte	0x6
 616 01d0 01       		.byte	0x1
 617 01d1 F3       		.byte	0xf3
 618 01d2 EF010000 		.4byte	0x1ef
 619 01d6 12       		.uleb128 0x12
ARM GAS  C:\Users\okuntso\AppData\Local\Temp\ccMLphyh.s 			page 17


 620 01d7 9D010000 		.4byte	.LASF26
 621 01db 01       		.byte	0x1
 622 01dc F4       		.byte	0xf4
 623 01dd 84000000 		.4byte	0x84
 624 01e1 00       		.byte	0
 625 01e2 12       		.uleb128 0x12
 626 01e3 A6000000 		.4byte	.LASF27
 627 01e7 01       		.byte	0x1
 628 01e8 F5       		.byte	0xf5
 629 01e9 99000000 		.4byte	0x99
 630 01ed 04       		.byte	0x4
 631 01ee 00       		.byte	0
 632 01ef 03       		.uleb128 0x3
 633 01f0 BC010000 		.4byte	.LASF28
 634 01f4 01       		.byte	0x1
 635 01f5 F6       		.byte	0xf6
 636 01f6 CE010000 		.4byte	0x1ce
 637 01fa 13       		.uleb128 0x13
 638 01fb 0A020000 		.4byte	0x20a
 639 01ff 0A020000 		.4byte	0x20a
 640 0203 14       		.uleb128 0x14
 641 0204 7D000000 		.4byte	0x7d
 642 0208 01       		.byte	0x1
 643 0209 00       		.byte	0
 644 020a 15       		.uleb128 0x15
 645 020b EF010000 		.4byte	0x1ef
 646 020f 16       		.uleb128 0x16
 647 0210 1E000000 		.4byte	.LASF29
 648 0214 01       		.byte	0x1
 649 0215 F8       		.byte	0xf8
 650 0216 20020000 		.4byte	0x220
 651 021a 05       		.uleb128 0x5
 652 021b 03       		.byte	0x3
 653 021c 00000000 		.4byte	cfg_memset_list.4847
 654 0220 15       		.uleb128 0x15
 655 0221 FA010000 		.4byte	0x1fa
 656 0225 17       		.uleb128 0x17
 657 0226 6900     		.ascii	"i\000"
 658 0228 01       		.byte	0x1
 659 0229 FE       		.byte	0xfe
 660 022a 8D000000 		.4byte	0x8d
 661 022e 02       		.uleb128 0x2
 662 022f 91       		.byte	0x91
 663 0230 77       		.sleb128 -9
 664 0231 10       		.uleb128 0x10
 665 0232 6C000000 		.4byte	.LBB3
 666 0236 3C000000 		.4byte	.LBE3-.LBB3
 667 023a 18       		.uleb128 0x18
 668 023b 6D7300   		.ascii	"ms\000"
 669 023e 01       		.byte	0x1
 670 023f 0301     		.2byte	0x103
 671 0241 48020000 		.4byte	0x248
 672 0245 02       		.uleb128 0x2
 673 0246 91       		.byte	0x91
 674 0247 70       		.sleb128 -16
 675 0248 0B       		.uleb128 0xb
 676 0249 04       		.byte	0x4
ARM GAS  C:\Users\okuntso\AppData\Local\Temp\ccMLphyh.s 			page 18


 677 024a 0A020000 		.4byte	0x20a
 678 024e 00       		.byte	0
 679 024f 00       		.byte	0
 680 0250 00       		.byte	0
 681 0251 00       		.byte	0
 682              		.section	.debug_abbrev,"",%progbits
 683              	.Ldebug_abbrev0:
 684 0000 01       		.uleb128 0x1
 685 0001 11       		.uleb128 0x11
 686 0002 01       		.byte	0x1
 687 0003 25       		.uleb128 0x25
 688 0004 0E       		.uleb128 0xe
 689 0005 13       		.uleb128 0x13
 690 0006 0B       		.uleb128 0xb
 691 0007 03       		.uleb128 0x3
 692 0008 0E       		.uleb128 0xe
 693 0009 1B       		.uleb128 0x1b
 694 000a 0E       		.uleb128 0xe
 695 000b 55       		.uleb128 0x55
 696 000c 17       		.uleb128 0x17
 697 000d 11       		.uleb128 0x11
 698 000e 01       		.uleb128 0x1
 699 000f 10       		.uleb128 0x10
 700 0010 17       		.uleb128 0x17
 701 0011 00       		.byte	0
 702 0012 00       		.byte	0
 703 0013 02       		.uleb128 0x2
 704 0014 24       		.uleb128 0x24
 705 0015 00       		.byte	0
 706 0016 0B       		.uleb128 0xb
 707 0017 0B       		.uleb128 0xb
 708 0018 3E       		.uleb128 0x3e
 709 0019 0B       		.uleb128 0xb
 710 001a 03       		.uleb128 0x3
 711 001b 08       		.uleb128 0x8
 712 001c 00       		.byte	0
 713 001d 00       		.byte	0
 714 001e 03       		.uleb128 0x3
 715 001f 16       		.uleb128 0x16
 716 0020 00       		.byte	0
 717 0021 03       		.uleb128 0x3
 718 0022 0E       		.uleb128 0xe
 719 0023 3A       		.uleb128 0x3a
 720 0024 0B       		.uleb128 0xb
 721 0025 3B       		.uleb128 0x3b
 722 0026 0B       		.uleb128 0xb
 723 0027 49       		.uleb128 0x49
 724 0028 13       		.uleb128 0x13
 725 0029 00       		.byte	0
 726 002a 00       		.byte	0
 727 002b 04       		.uleb128 0x4
 728 002c 24       		.uleb128 0x24
 729 002d 00       		.byte	0
 730 002e 0B       		.uleb128 0xb
 731 002f 0B       		.uleb128 0xb
 732 0030 3E       		.uleb128 0x3e
 733 0031 0B       		.uleb128 0xb
ARM GAS  C:\Users\okuntso\AppData\Local\Temp\ccMLphyh.s 			page 19


 734 0032 03       		.uleb128 0x3
 735 0033 0E       		.uleb128 0xe
 736 0034 00       		.byte	0
 737 0035 00       		.byte	0
 738 0036 05       		.uleb128 0x5
 739 0037 0F       		.uleb128 0xf
 740 0038 00       		.byte	0
 741 0039 0B       		.uleb128 0xb
 742 003a 0B       		.uleb128 0xb
 743 003b 00       		.byte	0
 744 003c 00       		.byte	0
 745 003d 06       		.uleb128 0x6
 746 003e 16       		.uleb128 0x16
 747 003f 00       		.byte	0
 748 0040 03       		.uleb128 0x3
 749 0041 0E       		.uleb128 0xe
 750 0042 3A       		.uleb128 0x3a
 751 0043 0B       		.uleb128 0xb
 752 0044 3B       		.uleb128 0x3b
 753 0045 05       		.uleb128 0x5
 754 0046 49       		.uleb128 0x49
 755 0047 13       		.uleb128 0x13
 756 0048 00       		.byte	0
 757 0049 00       		.byte	0
 758 004a 07       		.uleb128 0x7
 759 004b 35       		.uleb128 0x35
 760 004c 00       		.byte	0
 761 004d 49       		.uleb128 0x49
 762 004e 13       		.uleb128 0x13
 763 004f 00       		.byte	0
 764 0050 00       		.byte	0
 765 0051 08       		.uleb128 0x8
 766 0052 2E       		.uleb128 0x2e
 767 0053 01       		.byte	0x1
 768 0054 03       		.uleb128 0x3
 769 0055 0E       		.uleb128 0xe
 770 0056 3A       		.uleb128 0x3a
 771 0057 0B       		.uleb128 0xb
 772 0058 3B       		.uleb128 0x3b
 773 0059 0B       		.uleb128 0xb
 774 005a 27       		.uleb128 0x27
 775 005b 19       		.uleb128 0x19
 776 005c 11       		.uleb128 0x11
 777 005d 01       		.uleb128 0x1
 778 005e 12       		.uleb128 0x12
 779 005f 06       		.uleb128 0x6
 780 0060 40       		.uleb128 0x40
 781 0061 18       		.uleb128 0x18
 782 0062 9642     		.uleb128 0x2116
 783 0064 19       		.uleb128 0x19
 784 0065 01       		.uleb128 0x1
 785 0066 13       		.uleb128 0x13
 786 0067 00       		.byte	0
 787 0068 00       		.byte	0
 788 0069 09       		.uleb128 0x9
 789 006a 05       		.uleb128 0x5
 790 006b 00       		.byte	0
ARM GAS  C:\Users\okuntso\AppData\Local\Temp\ccMLphyh.s 			page 20


 791 006c 03       		.uleb128 0x3
 792 006d 08       		.uleb128 0x8
 793 006e 3A       		.uleb128 0x3a
 794 006f 0B       		.uleb128 0xb
 795 0070 3B       		.uleb128 0x3b
 796 0071 0B       		.uleb128 0xb
 797 0072 49       		.uleb128 0x49
 798 0073 13       		.uleb128 0x13
 799 0074 02       		.uleb128 0x2
 800 0075 18       		.uleb128 0x18
 801 0076 00       		.byte	0
 802 0077 00       		.byte	0
 803 0078 0A       		.uleb128 0xa
 804 0079 05       		.uleb128 0x5
 805 007a 00       		.byte	0
 806 007b 03       		.uleb128 0x3
 807 007c 0E       		.uleb128 0xe
 808 007d 3A       		.uleb128 0x3a
 809 007e 0B       		.uleb128 0xb
 810 007f 3B       		.uleb128 0x3b
 811 0080 0B       		.uleb128 0xb
 812 0081 49       		.uleb128 0x49
 813 0082 13       		.uleb128 0x13
 814 0083 02       		.uleb128 0x2
 815 0084 18       		.uleb128 0x18
 816 0085 00       		.byte	0
 817 0086 00       		.byte	0
 818 0087 0B       		.uleb128 0xb
 819 0088 0F       		.uleb128 0xf
 820 0089 00       		.byte	0
 821 008a 0B       		.uleb128 0xb
 822 008b 0B       		.uleb128 0xb
 823 008c 49       		.uleb128 0x49
 824 008d 13       		.uleb128 0x13
 825 008e 00       		.byte	0
 826 008f 00       		.byte	0
 827 0090 0C       		.uleb128 0xc
 828 0091 26       		.uleb128 0x26
 829 0092 00       		.byte	0
 830 0093 00       		.byte	0
 831 0094 00       		.byte	0
 832 0095 0D       		.uleb128 0xd
 833 0096 2E       		.uleb128 0x2e
 834 0097 00       		.byte	0
 835 0098 03       		.uleb128 0x3
 836 0099 0E       		.uleb128 0xe
 837 009a 3A       		.uleb128 0x3a
 838 009b 0B       		.uleb128 0xb
 839 009c 3B       		.uleb128 0x3b
 840 009d 0B       		.uleb128 0xb
 841 009e 27       		.uleb128 0x27
 842 009f 19       		.uleb128 0x19
 843 00a0 11       		.uleb128 0x11
 844 00a1 01       		.uleb128 0x1
 845 00a2 12       		.uleb128 0x12
 846 00a3 06       		.uleb128 0x6
 847 00a4 40       		.uleb128 0x40
ARM GAS  C:\Users\okuntso\AppData\Local\Temp\ccMLphyh.s 			page 21


 848 00a5 18       		.uleb128 0x18
 849 00a6 9642     		.uleb128 0x2116
 850 00a8 19       		.uleb128 0x19
 851 00a9 00       		.byte	0
 852 00aa 00       		.byte	0
 853 00ab 0E       		.uleb128 0xe
 854 00ac 2E       		.uleb128 0x2e
 855 00ad 00       		.byte	0
 856 00ae 03       		.uleb128 0x3
 857 00af 0E       		.uleb128 0xe
 858 00b0 3A       		.uleb128 0x3a
 859 00b1 0B       		.uleb128 0xb
 860 00b2 3B       		.uleb128 0x3b
 861 00b3 0B       		.uleb128 0xb
 862 00b4 27       		.uleb128 0x27
 863 00b5 19       		.uleb128 0x19
 864 00b6 11       		.uleb128 0x11
 865 00b7 01       		.uleb128 0x1
 866 00b8 12       		.uleb128 0x12
 867 00b9 06       		.uleb128 0x6
 868 00ba 40       		.uleb128 0x40
 869 00bb 18       		.uleb128 0x18
 870 00bc 9742     		.uleb128 0x2117
 871 00be 19       		.uleb128 0x19
 872 00bf 00       		.byte	0
 873 00c0 00       		.byte	0
 874 00c1 0F       		.uleb128 0xf
 875 00c2 2E       		.uleb128 0x2e
 876 00c3 01       		.byte	0x1
 877 00c4 3F       		.uleb128 0x3f
 878 00c5 19       		.uleb128 0x19
 879 00c6 03       		.uleb128 0x3
 880 00c7 0E       		.uleb128 0xe
 881 00c8 3A       		.uleb128 0x3a
 882 00c9 0B       		.uleb128 0xb
 883 00ca 3B       		.uleb128 0x3b
 884 00cb 0B       		.uleb128 0xb
 885 00cc 27       		.uleb128 0x27
 886 00cd 19       		.uleb128 0x19
 887 00ce 11       		.uleb128 0x11
 888 00cf 01       		.uleb128 0x1
 889 00d0 12       		.uleb128 0x12
 890 00d1 06       		.uleb128 0x6
 891 00d2 40       		.uleb128 0x40
 892 00d3 18       		.uleb128 0x18
 893 00d4 9642     		.uleb128 0x2116
 894 00d6 19       		.uleb128 0x19
 895 00d7 00       		.byte	0
 896 00d8 00       		.byte	0
 897 00d9 10       		.uleb128 0x10
 898 00da 0B       		.uleb128 0xb
 899 00db 01       		.byte	0x1
 900 00dc 11       		.uleb128 0x11
 901 00dd 01       		.uleb128 0x1
 902 00de 12       		.uleb128 0x12
 903 00df 06       		.uleb128 0x6
 904 00e0 00       		.byte	0
ARM GAS  C:\Users\okuntso\AppData\Local\Temp\ccMLphyh.s 			page 22


 905 00e1 00       		.byte	0
 906 00e2 11       		.uleb128 0x11
 907 00e3 13       		.uleb128 0x13
 908 00e4 01       		.byte	0x1
 909 00e5 0B       		.uleb128 0xb
 910 00e6 0B       		.uleb128 0xb
 911 00e7 3A       		.uleb128 0x3a
 912 00e8 0B       		.uleb128 0xb
 913 00e9 3B       		.uleb128 0x3b
 914 00ea 0B       		.uleb128 0xb
 915 00eb 01       		.uleb128 0x1
 916 00ec 13       		.uleb128 0x13
 917 00ed 00       		.byte	0
 918 00ee 00       		.byte	0
 919 00ef 12       		.uleb128 0x12
 920 00f0 0D       		.uleb128 0xd
 921 00f1 00       		.byte	0
 922 00f2 03       		.uleb128 0x3
 923 00f3 0E       		.uleb128 0xe
 924 00f4 3A       		.uleb128 0x3a
 925 00f5 0B       		.uleb128 0xb
 926 00f6 3B       		.uleb128 0x3b
 927 00f7 0B       		.uleb128 0xb
 928 00f8 49       		.uleb128 0x49
 929 00f9 13       		.uleb128 0x13
 930 00fa 38       		.uleb128 0x38
 931 00fb 0B       		.uleb128 0xb
 932 00fc 00       		.byte	0
 933 00fd 00       		.byte	0
 934 00fe 13       		.uleb128 0x13
 935 00ff 01       		.uleb128 0x1
 936 0100 01       		.byte	0x1
 937 0101 49       		.uleb128 0x49
 938 0102 13       		.uleb128 0x13
 939 0103 01       		.uleb128 0x1
 940 0104 13       		.uleb128 0x13
 941 0105 00       		.byte	0
 942 0106 00       		.byte	0
 943 0107 14       		.uleb128 0x14
 944 0108 21       		.uleb128 0x21
 945 0109 00       		.byte	0
 946 010a 49       		.uleb128 0x49
 947 010b 13       		.uleb128 0x13
 948 010c 2F       		.uleb128 0x2f
 949 010d 0B       		.uleb128 0xb
 950 010e 00       		.byte	0
 951 010f 00       		.byte	0
 952 0110 15       		.uleb128 0x15
 953 0111 26       		.uleb128 0x26
 954 0112 00       		.byte	0
 955 0113 49       		.uleb128 0x49
 956 0114 13       		.uleb128 0x13
 957 0115 00       		.byte	0
 958 0116 00       		.byte	0
 959 0117 16       		.uleb128 0x16
 960 0118 34       		.uleb128 0x34
 961 0119 00       		.byte	0
ARM GAS  C:\Users\okuntso\AppData\Local\Temp\ccMLphyh.s 			page 23


 962 011a 03       		.uleb128 0x3
 963 011b 0E       		.uleb128 0xe
 964 011c 3A       		.uleb128 0x3a
 965 011d 0B       		.uleb128 0xb
 966 011e 3B       		.uleb128 0x3b
 967 011f 0B       		.uleb128 0xb
 968 0120 49       		.uleb128 0x49
 969 0121 13       		.uleb128 0x13
 970 0122 02       		.uleb128 0x2
 971 0123 18       		.uleb128 0x18
 972 0124 00       		.byte	0
 973 0125 00       		.byte	0
 974 0126 17       		.uleb128 0x17
 975 0127 34       		.uleb128 0x34
 976 0128 00       		.byte	0
 977 0129 03       		.uleb128 0x3
 978 012a 08       		.uleb128 0x8
 979 012b 3A       		.uleb128 0x3a
 980 012c 0B       		.uleb128 0xb
 981 012d 3B       		.uleb128 0x3b
 982 012e 0B       		.uleb128 0xb
 983 012f 49       		.uleb128 0x49
 984 0130 13       		.uleb128 0x13
 985 0131 02       		.uleb128 0x2
 986 0132 18       		.uleb128 0x18
 987 0133 00       		.byte	0
 988 0134 00       		.byte	0
 989 0135 18       		.uleb128 0x18
 990 0136 34       		.uleb128 0x34
 991 0137 00       		.byte	0
 992 0138 03       		.uleb128 0x3
 993 0139 08       		.uleb128 0x8
 994 013a 3A       		.uleb128 0x3a
 995 013b 0B       		.uleb128 0xb
 996 013c 3B       		.uleb128 0x3b
 997 013d 05       		.uleb128 0x5
 998 013e 49       		.uleb128 0x49
 999 013f 13       		.uleb128 0x13
 1000 0140 02       		.uleb128 0x2
 1001 0141 18       		.uleb128 0x18
 1002 0142 00       		.byte	0
 1003 0143 00       		.byte	0
 1004 0144 00       		.byte	0
 1005              		.section	.debug_aranges,"",%progbits
 1006 0000 44000000 		.4byte	0x44
 1007 0004 0200     		.2byte	0x2
 1008 0006 00000000 		.4byte	.Ldebug_info0
 1009 000a 04       		.byte	0x4
 1010 000b 00       		.byte	0
 1011 000c 0000     		.2byte	0
 1012 000e 0000     		.2byte	0
 1013 0010 00000000 		.4byte	.LFB0
 1014 0014 1E000000 		.4byte	.LFE0-.LFB0
 1015 0018 00000000 		.4byte	.LFB1
 1016 001c 20000000 		.4byte	.LFE1-.LFB1
 1017 0020 00000000 		.4byte	.LFB2
 1018 0024 20000000 		.4byte	.LFE2-.LFB2
ARM GAS  C:\Users\okuntso\AppData\Local\Temp\ccMLphyh.s 			page 24


 1019 0028 00000000 		.4byte	.LFB3
 1020 002c 5C000000 		.4byte	.LFE3-.LFB3
 1021 0030 00000000 		.4byte	.LFB4
 1022 0034 0A000000 		.4byte	.LFE4-.LFB4
 1023 0038 5C000000 		.4byte	.LFB5
 1024 003c CC000000 		.4byte	.LFE5-.LFB5
 1025 0040 00000000 		.4byte	0
 1026 0044 00000000 		.4byte	0
 1027              		.section	.debug_ranges,"",%progbits
 1028              	.Ldebug_ranges0:
 1029 0000 00000000 		.4byte	.LFB0
 1030 0004 1E000000 		.4byte	.LFE0
 1031 0008 00000000 		.4byte	.LFB1
 1032 000c 20000000 		.4byte	.LFE1
 1033 0010 00000000 		.4byte	.LFB2
 1034 0014 20000000 		.4byte	.LFE2
 1035 0018 00000000 		.4byte	.LFB3
 1036 001c 5C000000 		.4byte	.LFE3
 1037 0020 00000000 		.4byte	.LFB4
 1038 0024 0A000000 		.4byte	.LFE4
 1039 0028 5C000000 		.4byte	.LFB5
 1040 002c 28010000 		.4byte	.LFE5
 1041 0030 00000000 		.4byte	0
 1042 0034 00000000 		.4byte	0
 1043              		.section	.debug_line,"",%progbits
 1044              	.Ldebug_line0:
 1045 0000 58010000 		.section	.debug_str,"MS",%progbits,1
 1045      0200CB00 
 1045      00000201 
 1045      FB0E0D00 
 1045      01010101 
 1046              	.LASF19:
 1047 0000 72656733 		.ascii	"reg32\000"
 1047      3200
 1048              	.LASF12:
 1049 0006 73697A65 		.ascii	"size_t\000"
 1049      5F7400
 1050              	.LASF25:
 1051 000d 416E616C 		.ascii	"AnalogSetDefault\000"
 1051      6F675365 
 1051      74446566 
 1051      61756C74 
 1051      00
 1052              	.LASF29:
 1053 001e 6366675F 		.ascii	"cfg_memset_list\000"
 1053      6D656D73 
 1053      65745F6C 
 1053      69737400 
 1054              	.LASF24:
 1055 002e 436C6F63 		.ascii	"ClockSetup\000"
 1055      6B536574 
 1055      757000
 1056              	.LASF6:
 1057 0039 73686F72 		.ascii	"short unsigned int\000"
 1057      7420756E 
 1057      7369676E 
 1057      65642069 
ARM GAS  C:\Users\okuntso\AppData\Local\Temp\ccMLphyh.s 			page 25


 1057      6E7400
 1058              	.LASF16:
 1059 004c 666C6F61 		.ascii	"float\000"
 1059      7400
 1060              	.LASF22:
 1061 0052 64657374 		.ascii	"dest\000"
 1061      00
 1062              	.LASF32:
 1063 0057 433A5C55 		.ascii	"C:\\Users\\okuntso\\Documents\\PSoC Creator\\Diplom"
 1063      73657273 
 1063      5C6F6B75 
 1063      6E74736F 
 1063      5C446F63 
 1064 0085 615C5254 		.ascii	"a\\RTC_P4_SysTick_Example01.cydsn\000"
 1064      435F5034 
 1064      5F537973 
 1064      5469636B 
 1064      5F457861 
 1065              	.LASF27:
 1066 00a6 73697A65 		.ascii	"size\000"
 1066      00
 1067              	.LASF18:
 1068 00ab 72656738 		.ascii	"reg8\000"
 1068      00
 1069              	.LASF8:
 1070 00b0 6C6F6E67 		.ascii	"long unsigned int\000"
 1070      20756E73 
 1070      69676E65 
 1070      6420696E 
 1070      7400
 1071              	.LASF13:
 1072 00c2 75696E74 		.ascii	"uint8\000"
 1072      3800
 1073              	.LASF20:
 1074 00c8 43594D45 		.ascii	"CYMEMZERO\000"
 1074      4D5A4552 
 1074      4F00
 1075              	.LASF30:
 1076 00d2 474E5520 		.ascii	"GNU C11 5.4.1 20160609 (release) [ARM/embedded-5-br"
 1076      43313120 
 1076      352E342E 
 1076      31203230 
 1076      31363036 
 1077 0105 616E6368 		.ascii	"anch revision 237715] -mcpu=cortex-m0 -mthumb -g -O"
 1077      20726576 
 1077      6973696F 
 1077      6E203233 
 1077      37373135 
 1078 0138 30202D66 		.ascii	"0 -ffunction-sections -ffat-lto-objects\000"
 1078      66756E63 
 1078      74696F6E 
 1078      2D736563 
 1078      74696F6E 
 1079              	.LASF4:
 1080 0160 756E7369 		.ascii	"unsigned char\000"
 1080      676E6564 
 1080      20636861 
ARM GAS  C:\Users\okuntso\AppData\Local\Temp\ccMLphyh.s 			page 26


 1080      7200
 1081              	.LASF17:
 1082 016e 646F7562 		.ascii	"double\000"
 1082      6C6500
 1083              	.LASF33:
 1084 0175 63796669 		.ascii	"cyfitter_cfg\000"
 1084      74746572 
 1084      5F636667 
 1084      00
 1085              	.LASF14:
 1086 0182 75696E74 		.ascii	"uint16\000"
 1086      313600
 1087              	.LASF15:
 1088 0189 75696E74 		.ascii	"uint32\000"
 1088      333200
 1089              	.LASF0:
 1090 0190 756E7369 		.ascii	"unsigned int\000"
 1090      676E6564 
 1090      20696E74 
 1090      00
 1091              	.LASF26:
 1092 019d 61646472 		.ascii	"address\000"
 1092      65737300 
 1093              	.LASF9:
 1094 01a5 6C6F6E67 		.ascii	"long long unsigned int\000"
 1094      206C6F6E 
 1094      6720756E 
 1094      7369676E 
 1094      65642069 
 1095              	.LASF28:
 1096 01bc 6366675F 		.ascii	"cfg_memset_t\000"
 1096      6D656D73 
 1096      65745F74 
 1096      00
 1097              	.LASF10:
 1098 01c9 73697A65 		.ascii	"sizetype\000"
 1098      74797065 
 1098      00
 1099              	.LASF1:
 1100 01d2 6C6F6E67 		.ascii	"long long int\000"
 1100      206C6F6E 
 1100      6720696E 
 1100      7400
 1101              	.LASF11:
 1102 01e0 63686172 		.ascii	"char\000"
 1102      00
 1103              	.LASF5:
 1104 01e5 73686F72 		.ascii	"short int\000"
 1104      7420696E 
 1104      7400
 1105              	.LASF7:
 1106 01ef 6C6F6E67 		.ascii	"long int\000"
 1106      20696E74 
 1106      00
 1107              	.LASF2:
 1108 01f8 6C6F6E67 		.ascii	"long double\000"
 1108      20646F75 
ARM GAS  C:\Users\okuntso\AppData\Local\Temp\ccMLphyh.s 			page 27


 1108      626C6500 
 1109              	.LASF3:
 1110 0204 7369676E 		.ascii	"signed char\000"
 1110      65642063 
 1110      68617200 
 1111              	.LASF31:
 1112 0210 47656E65 		.ascii	"Generated_Source\\PSoC4\\cyfitter_cfg.c\000"
 1112      72617465 
 1112      645F536F 
 1112      75726365 
 1112      5C50536F 
 1113              	.LASF23:
 1114 0236 4359434F 		.ascii	"CYCONFIGCPYCODE\000"
 1114      4E464947 
 1114      43505943 
 1114      4F444500 
 1115              	.LASF21:
 1116 0246 4359434F 		.ascii	"CYCONFIGCPY\000"
 1116      4E464947 
 1116      43505900 
 1117              		.ident	"GCC: (GNU Tools for ARM Embedded Processors) 5.4.1 20160609 (release) [ARM/embedded-5-bran
