ARM GAS  C:\Users\okuntso\AppData\Local\Temp\cciAPrNe.s 			page 1


   1              		.syntax unified
   2              		.cpu cortex-m0
   3              		.fpu softvfp
   4              		.eabi_attribute 20, 1
   5              		.eabi_attribute 21, 1
   6              		.eabi_attribute 23, 3
   7              		.eabi_attribute 24, 1
   8              		.eabi_attribute 25, 1
   9              		.eabi_attribute 26, 1
  10              		.eabi_attribute 30, 1
  11              		.eabi_attribute 34, 0
  12              		.eabi_attribute 18, 4
  13              		.thumb
  14              		.syntax unified
  15              		.file	"main.c"
  16              		.text
  17              	.Ltext0:
  18              		.cfi_sections	.debug_frame
  19              		.syntax divided
  20              		.global _printf_float
  21              		.thumb
  22              		.syntax unified
  23              		.section	.text.ISR_SWITCH,"ax",%progbits
  24              		.align	2
  25              		.global	ISR_SWITCH
  26              		.code	16
  27              		.thumb_func
  28              		.type	ISR_SWITCH, %function
  29              	ISR_SWITCH:
  30              	.LFB34:
  31              		.file 1 "main.c"
   1:main.c        **** 
   2:main.c        **** #include <project.h>
   3:main.c        **** #include <stdio.h>
   4:main.c        **** 
   5:main.c        **** /*******************************************************************************
   6:main.c        **** *            Global variables
   7:main.c        **** *******************************************************************************/
   8:main.c        **** uint8 pressCount  = 0; // Keeps track of button presses
   9:main.c        **** uint8 printStatus = 0; // Flag for printing
  10:main.c        **** 
  11:main.c        **** /*******************************************************************************
  12:main.c        **** * Function Name: _write
  13:main.c        **** ********************************************************************************
  14:main.c        **** *
  15:main.c        **** * Summary: 
  16:main.c        **** *   This version of _write sends text via UART. printf is redirected to 
  17:main.c        **** *   this function when GCC compiler is used to print data to terminal using UART. 
  18:main.c        **** *   Note that depending on your compiler you may need to rewrite a different
  19:main.c        **** *   function that is linked to printf.
  20:main.c        **** * 
  21:main.c        **** * Parameters:
  22:main.c        **** *   file: This variable is not used.
  23:main.c        **** *   *ptr: Pointer to the data which will be transfered through UART.
  24:main.c        **** *   len: Length of the data to be transfered through UART.
  25:main.c        **** * 
  26:main.c        **** * Returns: 
ARM GAS  C:\Users\okuntso\AppData\Local\Temp\cciAPrNe.s 			page 2


  27:main.c        **** *   returns the number of characters transferred using UART.
  28:main.c        **** *
  29:main.c        **** *******************************************************************************/
  30:main.c        **** #if defined (__GNUC__) 
  31:main.c        ****     
  32:main.c        ****     /* Add an explicit reference to the floating point printf library to allow 
  33:main.c        ****        use of floating point conversion specifier. */     
  34:main.c        ****     asm (".global _printf_float"); 
  35:main.c        ****  
  36:main.c        ****     /* For GCC compiler revise _write() function for printf functionality */     
  37:main.c        **** 	int _write(int file, char *ptr, int len) 
  38:main.c        ****     {
  39:main.c        ****         /* Warning suppression for unused function parameter */
  40:main.c        **** 		file = file;
  41:main.c        **** 		
  42:main.c        **** 		int i; 
  43:main.c        ****         /* Character is sent via UART */
  44:main.c        ****         for (i = 0; i < len; i++) 
  45:main.c        ****         { 
  46:main.c        ****             UART_UartPutChar(*(ptr++)); 
  47:main.c        ****         }          
  48:main.c        ****         return(len); 
  49:main.c        ****     } 
  50:main.c        **** #endif /* (__GNUC__) */
  51:main.c        **** 
  52:main.c        **** /***************************************************************************//**
  53:main.c        **** * Function Name: ISR_SWITCH
  54:main.c        **** ********************************************************************************
  55:main.c        **** *
  56:main.c        **** * Summary:
  57:main.c        **** * This function is executed when the GPIO interrupt is triggered by the switch
  58:main.c        **** * This ISR
  59:main.c        **** *   1. Clears the interrupt source.
  60:main.c        **** *   2. Increments the count and sets printStatus flag.
  61:main.c        **** *
  62:main.c        **** * Parameters:
  63:main.c        **** *  None
  64:main.c        **** *
  65:main.c        **** * Return:
  66:main.c        **** *  None
  67:main.c        **** *
  68:main.c        **** *******************************************************************************/
  69:main.c        **** CY_ISR(ISR_SWITCH)
  70:main.c        **** {
  32              		.loc 1 70 0
  33              		.cfi_startproc
  34              		@ args = 0, pretend = 0, frame = 0
  35              		@ frame_needed = 0, uses_anonymous_args = 0
  36 0000 10B5     		push	{r4, lr}
  37              		.cfi_def_cfa_offset 8
  38              		.cfi_offset 4, -8
  39              		.cfi_offset 14, -4
  71:main.c        **** 	/* Clears interrupt for button */
  72:main.c        ****     switch_pin_ClearInterrupt();
  40              		.loc 1 72 0
  41 0002 FFF7FEFF 		bl	switch_pin_ClearInterrupt
  42              	.LVL0:
ARM GAS  C:\Users\okuntso\AppData\Local\Temp\cciAPrNe.s 			page 3


  73:main.c        **** 	
  74:main.c        **** 	/* Clears pending interrupts */
  75:main.c        ****     InputInterrupt_ClearPending();
  43              		.loc 1 75 0
  44 0006 FFF7FEFF 		bl	InputInterrupt_ClearPending
  45              	.LVL1:
  76:main.c        **** 	
  77:main.c        **** 	/* Updates button count and printing state */
  78:main.c        ****     pressCount++;
  46              		.loc 1 78 0
  47 000a 034B     		ldr	r3, .L2
  48 000c 1A78     		ldrb	r2, [r3]
  49 000e 0132     		adds	r2, r2, #1
  50 0010 1A70     		strb	r2, [r3]
  79:main.c        ****     printStatus = 1;
  51              		.loc 1 79 0
  52 0012 0122     		movs	r2, #1
  53 0014 5A70     		strb	r2, [r3, #1]
  80:main.c        ****     
  81:main.c        **** }
  54              		.loc 1 81 0
  55              		@ sp needed
  56 0016 10BD     		pop	{r4, pc}
  57              	.L3:
  58              		.align	2
  59              	.L2:
  60 0018 00000000 		.word	.LANCHOR0
  61              		.cfi_endproc
  62              	.LFE34:
  63              		.size	ISR_SWITCH, .-ISR_SWITCH
  64              		.section	.text._write,"ax",%progbits
  65              		.align	2
  66              		.global	_write
  67              		.code	16
  68              		.thumb_func
  69              		.type	_write, %function
  70              	_write:
  71              	.LFB33:
  38:main.c        ****         /* Warning suppression for unused function parameter */
  72              		.loc 1 38 0
  73              		.cfi_startproc
  74              		@ args = 0, pretend = 0, frame = 0
  75              		@ frame_needed = 0, uses_anonymous_args = 0
  76              	.LVL2:
  77 0000 70B5     		push	{r4, r5, r6, lr}
  78              		.cfi_def_cfa_offset 16
  79              		.cfi_offset 4, -16
  80              		.cfi_offset 5, -12
  81              		.cfi_offset 6, -8
  82              		.cfi_offset 14, -4
  83 0002 1600     		movs	r6, r2
  84              	.LVL3:
  44:main.c        ****         { 
  85              		.loc 1 44 0
  86 0004 0024     		movs	r4, #0
  87 0006 05E0     		b	.L5
  88              	.LVL4:
ARM GAS  C:\Users\okuntso\AppData\Local\Temp\cciAPrNe.s 			page 4


  89              	.L6:
  46:main.c        ****         }          
  90              		.loc 1 46 0 discriminator 3
  91 0008 4D1C     		adds	r5, r1, #1
  92              	.LVL5:
  93 000a 0878     		ldrb	r0, [r1]
  94 000c FFF7FEFF 		bl	UART_SpiUartWriteTxData
  95              	.LVL6:
  44:main.c        ****         { 
  96              		.loc 1 44 0 discriminator 3
  97 0010 0134     		adds	r4, r4, #1
  98              	.LVL7:
  46:main.c        ****         }          
  99              		.loc 1 46 0 discriminator 3
 100 0012 2900     		movs	r1, r5
 101              	.LVL8:
 102              	.L5:
  44:main.c        ****         { 
 103              		.loc 1 44 0 discriminator 1
 104 0014 B442     		cmp	r4, r6
 105 0016 F7DB     		blt	.L6
  49:main.c        **** #endif /* (__GNUC__) */
 106              		.loc 1 49 0
 107 0018 3000     		movs	r0, r6
 108              		@ sp needed
 109              	.LVL9:
 110              	.LVL10:
 111 001a 70BD     		pop	{r4, r5, r6, pc}
 112              		.cfi_endproc
 113              	.LFE33:
 114              		.size	_write, .-_write
 115              		.section	.text.main,"ax",%progbits
 116              		.align	2
 117              		.global	main
 118              		.code	16
 119              		.thumb_func
 120              		.type	main, %function
 121              	main:
 122              	.LFB35:
  82:main.c        **** 
  83:main.c        **** /*******************************************************************************
  84:main.c        **** * Function Name: main
  85:main.c        **** ********************************************************************************
  86:main.c        **** *
  87:main.c        **** *  The main function performs the following actions:
  88:main.c        **** *   1. Input/switch interrupt is set up and enabled.
  89:main.c        **** *   2. Initializes the UART components.
  90:main.c        **** *   3. Global interrupt enabled.
  91:main.c        **** *   4. UART sends the header to the terminal.
  92:main.c        **** *   5. printf is tested once.
  93:main.c        **** *   6. Each time interrupt occurs/switch is pressed the count and flags are set.
  94:main.c        **** *   7. When printStatus is set high, printf is used to indicate number pressed.
  95:main.c        **** *
  96:main.c        **** *******************************************************************************/
  97:main.c        **** int main(void)
  98:main.c        **** {
 123              		.loc 1 98 0
ARM GAS  C:\Users\okuntso\AppData\Local\Temp\cciAPrNe.s 			page 5


 124              		.cfi_startproc
 125              		@ args = 0, pretend = 0, frame = 0
 126              		@ frame_needed = 0, uses_anonymous_args = 0
 127 0000 10B5     		push	{r4, lr}
 128              		.cfi_def_cfa_offset 8
 129              		.cfi_offset 4, -8
 130              		.cfi_offset 14, -4
 131              	.LVL11:
  99:main.c        ****     int32 integerNum = -212121; 
 100:main.c        ****     float floatNum = 37.37f;
 101:main.c        **** 
 102:main.c        ****     /* Input interrupt and sets the interrupt service routine*/
 103:main.c        ****     InputInterrupt_StartEx(ISR_SWITCH);
 132              		.loc 1 103 0
 133 0002 1448     		ldr	r0, .L9
 134 0004 FFF7FEFF 		bl	InputInterrupt_StartEx
 135              	.LVL12:
 104:main.c        ****     
 105:main.c        ****     /* Ensure that interrupts are clear */
 106:main.c        ****     InputInterrupt_ClearPending();
 136              		.loc 1 106 0
 137 0008 FFF7FEFF 		bl	InputInterrupt_ClearPending
 138              	.LVL13:
 107:main.c        ****     
 108:main.c        ****     /* Start UART operation */
 109:main.c        ****     UART_Start();
 139              		.loc 1 109 0
 140 000c FFF7FEFF 		bl	UART_Start
 141              	.LVL14:
 110:main.c        ****     
 111:main.c        ****     /* Enable global interrupts */
 112:main.c        ****     CyGlobalIntEnable; 
 142              		.loc 1 112 0
 143              		.syntax divided
 144              	@ 112 "main.c" 1
 145 0010 62B6     		CPSIE   i
 146              	@ 0 "" 2
 113:main.c        ****     
 114:main.c        ****     /* Transmit header to the terminal */
 115:main.c        ****     UART_UartPutString("\r\n***********************************************************************
 147              		.loc 1 115 0
 148              		.thumb
 149              		.syntax unified
 150 0012 1148     		ldr	r0, .L9+4
 151 0014 FFF7FEFF 		bl	UART_UartPutString
 152              	.LVL15:
 116:main.c        ****     UART_UartPutString("This example demonstrates UART operation with printf \r\n");
 153              		.loc 1 116 0
 154 0018 1048     		ldr	r0, .L9+8
 155 001a FFF7FEFF 		bl	UART_UartPutString
 156              	.LVL16:
 117:main.c        ****     UART_UartPutString("If you see this text the terminal connection is configured correctly.\r\n")
 157              		.loc 1 117 0
 158 001e 1048     		ldr	r0, .L9+12
 159 0020 FFF7FEFF 		bl	UART_UartPutString
 160              	.LVL17:
 118:main.c        ****     UART_UartPutString("Push button to see printf function used to print on terminal.\r\n");
ARM GAS  C:\Users\okuntso\AppData\Local\Temp\cciAPrNe.s 			page 6


 161              		.loc 1 118 0
 162 0024 0F48     		ldr	r0, .L9+16
 163 0026 FFF7FEFF 		bl	UART_UartPutString
 164              	.LVL18:
 119:main.c        ****     UART_UartPutString("\r\n");
 165              		.loc 1 119 0
 166 002a 0F48     		ldr	r0, .L9+20
 167 002c FFF7FEFF 		bl	UART_UartPutString
 168              	.LVL19:
 120:main.c        ****     
 121:main.c        ****     printf("Testing printf function. long: %ld , float: %f \r\n", integerNum, floatNum);
 169              		.loc 1 121 0
 170 0030 8022     		movs	r2, #128
 171 0032 9205     		lsls	r2, r2, #22
 172 0034 0D4B     		ldr	r3, .L9+24
 173 0036 0E49     		ldr	r1, .L9+28
 174 0038 0E48     		ldr	r0, .L9+32
 175 003a FFF7FEFF 		bl	printf
 176              	.LVL20:
 177              	.L8:
 122:main.c        ****     
 123:main.c        ****     for(;;)
 124:main.c        ****     {
 125:main.c        ****         CyDelay(1000);
 178              		.loc 1 125 0 discriminator 1
 179 003e FA20     		movs	r0, #250
 180 0040 8000     		lsls	r0, r0, #2
 181 0042 FFF7FEFF 		bl	CyDelay
 182              	.LVL21:
 126:main.c        ****         printf("Number of times button has been pressed = %d\r\n", pressCount);
 183              		.loc 1 126 0 discriminator 1
 184 0046 0C4B     		ldr	r3, .L9+36
 185 0048 1978     		ldrb	r1, [r3]
 186 004a 0C48     		ldr	r0, .L9+40
 187 004c FFF7FEFF 		bl	printf
 188              	.LVL22:
 189 0050 F5E7     		b	.L8
 190              	.L10:
 191 0052 C046     		.align	2
 192              	.L9:
 193 0054 00000000 		.word	ISR_SWITCH
 194 0058 00000000 		.word	.LC2
 195 005c 58000000 		.word	.LC4
 196 0060 90000000 		.word	.LC6
 197 0064 D8000000 		.word	.LC8
 198 0068 18010000 		.word	.LC10
 199 006c 5CAF4240 		.word	1078112092
 200 0070 67C3FCFF 		.word	-212121
 201 0074 1C010000 		.word	.LC12
 202 0078 00000000 		.word	.LANCHOR0
 203 007c 50010000 		.word	.LC15
 204              		.cfi_endproc
 205              	.LFE35:
 206              		.size	main, .-main
 207              		.global	printStatus
 208              		.global	pressCount
 209              		.section	.rodata.str1.4,"aMS",%progbits,1
ARM GAS  C:\Users\okuntso\AppData\Local\Temp\cciAPrNe.s 			page 7


 210              		.align	2
 211              	.LC2:
 212 0000 0D0A2A2A 		.ascii	"\015\012*******************************************"
 212      2A2A2A2A 
 212      2A2A2A2A 
 212      2A2A2A2A 
 212      2A2A2A2A 
 213 002d 2A2A2A2A 		.ascii	"***************************************\015\012\000"
 213      2A2A2A2A 
 213      2A2A2A2A 
 213      2A2A2A2A 
 213      2A2A2A2A 
 214 0057 00       		.space	1
 215              	.LC4:
 216 0058 54686973 		.ascii	"This example demonstrates UART operation with print"
 216      20657861 
 216      6D706C65 
 216      2064656D 
 216      6F6E7374 
 217 008b 66200D0A 		.ascii	"f \015\012\000"
 217      00
 218              	.LC6:
 219 0090 49662079 		.ascii	"If you see this text the terminal connection is con"
 219      6F752073 
 219      65652074 
 219      68697320 
 219      74657874 
 220 00c3 66696775 		.ascii	"figured correctly.\015\012\000"
 220      72656420 
 220      636F7272 
 220      6563746C 
 220      792E0D0A 
 221              	.LC8:
 222 00d8 50757368 		.ascii	"Push button to see printf function used to print on"
 222      20627574 
 222      746F6E20 
 222      746F2073 
 222      65652070 
 223 010b 20746572 		.ascii	" terminal.\015\012\000"
 223      6D696E61 
 223      6C2E0D0A 
 223      00
 224              	.LC10:
 225 0118 0D0A00   		.ascii	"\015\012\000"
 226 011b 00       		.space	1
 227              	.LC12:
 228 011c 54657374 		.ascii	"Testing printf function. long: %ld , float: %f \015"
 228      696E6720 
 228      7072696E 
 228      74662066 
 228      756E6374 
 229 014c 0A00     		.ascii	"\012\000"
 230 014e 0000     		.space	2
 231              	.LC15:
 232 0150 4E756D62 		.ascii	"Number of times button has been pressed = %d\015\012"
 232      6572206F 
 232      66207469 
ARM GAS  C:\Users\okuntso\AppData\Local\Temp\cciAPrNe.s 			page 8


 232      6D657320 
 232      62757474 
 233 017e 00       		.ascii	"\000"
 234              		.bss
 235              		.set	.LANCHOR0,. + 0
 236              		.type	pressCount, %object
 237              		.size	pressCount, 1
 238              	pressCount:
 239 0000 00       		.space	1
 240              		.type	printStatus, %object
 241              		.size	printStatus, 1
 242              	printStatus:
 243 0001 00       		.space	1
 244              		.text
 245              	.Letext0:
 246              		.file 2 "Generated_Source\\PSoC4/cytypes.h"
 247              		.file 3 "Generated_Source\\PSoC4/switch_pin.h"
 248              		.file 4 "Generated_Source\\PSoC4/InputInterrupt.h"
 249              		.file 5 "Generated_Source\\PSoC4/UART_SPI_UART.h"
 250              		.file 6 "Generated_Source\\PSoC4/UART.h"
 251              		.file 7 "c:\\program files (x86)\\cypress\\psoc creator\\4.3\\psoc creator\\import\\gnu\\arm\\5.4.
 252              		.file 8 "Generated_Source\\PSoC4/CyLib.h"
 253              		.section	.debug_info,"",%progbits
 254              	.Ldebug_info0:
 255 0000 D1020000 		.4byte	0x2d1
 256 0004 0400     		.2byte	0x4
 257 0006 00000000 		.4byte	.Ldebug_abbrev0
 258 000a 04       		.byte	0x4
 259 000b 01       		.uleb128 0x1
 260 000c 38010000 		.4byte	.LASF30
 261 0010 0C       		.byte	0xc
 262 0011 E4010000 		.4byte	.LASF31
 263 0015 25000000 		.4byte	.LASF32
 264 0019 00000000 		.4byte	.Ldebug_ranges0+0
 265 001d 00000000 		.4byte	0
 266 0021 00000000 		.4byte	.Ldebug_line0
 267 0025 02       		.uleb128 0x2
 268 0026 01       		.byte	0x1
 269 0027 06       		.byte	0x6
 270 0028 4C020000 		.4byte	.LASF0
 271 002c 02       		.uleb128 0x2
 272 002d 01       		.byte	0x1
 273 002e 08       		.byte	0x8
 274 002f A7000000 		.4byte	.LASF1
 275 0033 02       		.uleb128 0x2
 276 0034 02       		.byte	0x2
 277 0035 05       		.byte	0x5
 278 0036 00020000 		.4byte	.LASF2
 279 003a 02       		.uleb128 0x2
 280 003b 02       		.byte	0x2
 281 003c 07       		.byte	0x7
 282 003d 58020000 		.4byte	.LASF3
 283 0041 02       		.uleb128 0x2
 284 0042 04       		.byte	0x4
 285 0043 05       		.byte	0x5
 286 0044 37020000 		.4byte	.LASF4
 287 0048 02       		.uleb128 0x2
ARM GAS  C:\Users\okuntso\AppData\Local\Temp\cciAPrNe.s 			page 9


 288 0049 04       		.byte	0x4
 289 004a 07       		.byte	0x7
 290 004b C0000000 		.4byte	.LASF5
 291 004f 02       		.uleb128 0x2
 292 0050 08       		.byte	0x8
 293 0051 05       		.byte	0x5
 294 0052 D6010000 		.4byte	.LASF6
 295 0056 02       		.uleb128 0x2
 296 0057 08       		.byte	0x8
 297 0058 07       		.byte	0x7
 298 0059 21010000 		.4byte	.LASF7
 299 005d 03       		.uleb128 0x3
 300 005e 04       		.byte	0x4
 301 005f 05       		.byte	0x5
 302 0060 696E7400 		.ascii	"int\000"
 303 0064 02       		.uleb128 0x2
 304 0065 04       		.byte	0x4
 305 0066 07       		.byte	0x7
 306 0067 14010000 		.4byte	.LASF8
 307 006b 04       		.uleb128 0x4
 308 006c 15020000 		.4byte	.LASF9
 309 0070 02       		.byte	0x2
 310 0071 E401     		.2byte	0x1e4
 311 0073 2C000000 		.4byte	0x2c
 312 0077 04       		.uleb128 0x4
 313 0078 0D010000 		.4byte	.LASF10
 314 007c 02       		.byte	0x2
 315 007d E601     		.2byte	0x1e6
 316 007f 48000000 		.4byte	0x48
 317 0083 04       		.uleb128 0x4
 318 0084 D2000000 		.4byte	.LASF11
 319 0088 02       		.byte	0x2
 320 0089 E901     		.2byte	0x1e9
 321 008b 41000000 		.4byte	0x41
 322 008f 02       		.uleb128 0x2
 323 0090 04       		.byte	0x4
 324 0091 04       		.byte	0x4
 325 0092 00000000 		.4byte	.LASF12
 326 0096 02       		.uleb128 0x2
 327 0097 08       		.byte	0x8
 328 0098 04       		.byte	0x4
 329 0099 1E000000 		.4byte	.LASF13
 330 009d 02       		.uleb128 0x2
 331 009e 01       		.byte	0x1
 332 009f 08       		.byte	0x8
 333 00a0 EB010000 		.4byte	.LASF14
 334 00a4 02       		.uleb128 0x2
 335 00a5 08       		.byte	0x8
 336 00a6 04       		.byte	0x4
 337 00a7 40020000 		.4byte	.LASF15
 338 00ab 02       		.uleb128 0x2
 339 00ac 04       		.byte	0x4
 340 00ad 07       		.byte	0x7
 341 00ae CD010000 		.4byte	.LASF16
 342 00b2 05       		.uleb128 0x5
 343 00b3 04       		.byte	0x4
 344 00b4 9D000000 		.4byte	0x9d
ARM GAS  C:\Users\okuntso\AppData\Local\Temp\cciAPrNe.s 			page 10


 345 00b8 06       		.uleb128 0x6
 346 00b9 B5000000 		.4byte	.LASF33
 347 00bd 01       		.byte	0x1
 348 00be 45       		.byte	0x45
 349 00bf 00000000 		.4byte	.LFB34
 350 00c3 1C000000 		.4byte	.LFE34-.LFB34
 351 00c7 01       		.uleb128 0x1
 352 00c8 9C       		.byte	0x9c
 353 00c9 E0000000 		.4byte	0xe0
 354 00cd 07       		.uleb128 0x7
 355 00ce 06000000 		.4byte	.LVL0
 356 00d2 7A020000 		.4byte	0x27a
 357 00d6 07       		.uleb128 0x7
 358 00d7 0A000000 		.4byte	.LVL1
 359 00db 85020000 		.4byte	0x285
 360 00df 00       		.byte	0
 361 00e0 08       		.uleb128 0x8
 362 00e1 C6010000 		.4byte	.LASF34
 363 00e5 01       		.byte	0x1
 364 00e6 25       		.byte	0x25
 365 00e7 5D000000 		.4byte	0x5d
 366 00eb 00000000 		.4byte	.LFB33
 367 00ef 1C000000 		.4byte	.LFE33-.LFB33
 368 00f3 01       		.uleb128 0x1
 369 00f4 9C       		.byte	0x9c
 370 00f5 3D010000 		.4byte	0x13d
 371 00f9 09       		.uleb128 0x9
 372 00fa A2000000 		.4byte	.LASF17
 373 00fe 01       		.byte	0x1
 374 00ff 25       		.byte	0x25
 375 0100 5D000000 		.4byte	0x5d
 376 0104 00000000 		.4byte	.LLST0
 377 0108 0A       		.uleb128 0xa
 378 0109 70747200 		.ascii	"ptr\000"
 379 010d 01       		.byte	0x1
 380 010e 25       		.byte	0x25
 381 010f B2000000 		.4byte	0xb2
 382 0113 21000000 		.4byte	.LLST1
 383 0117 0A       		.uleb128 0xa
 384 0118 6C656E00 		.ascii	"len\000"
 385 011c 01       		.byte	0x1
 386 011d 25       		.byte	0x25
 387 011e 5D000000 		.4byte	0x5d
 388 0122 4A000000 		.4byte	.LLST2
 389 0126 0B       		.uleb128 0xb
 390 0127 6900     		.ascii	"i\000"
 391 0129 01       		.byte	0x1
 392 012a 2A       		.byte	0x2a
 393 012b 5D000000 		.4byte	0x5d
 394 012f 73000000 		.4byte	.LLST3
 395 0133 07       		.uleb128 0x7
 396 0134 10000000 		.4byte	.LVL6
 397 0138 90020000 		.4byte	0x290
 398 013c 00       		.byte	0
 399 013d 0C       		.uleb128 0xc
 400 013e 08010000 		.4byte	.LASF35
 401 0142 01       		.byte	0x1
ARM GAS  C:\Users\okuntso\AppData\Local\Temp\cciAPrNe.s 			page 11


 402 0143 61       		.byte	0x61
 403 0144 5D000000 		.4byte	0x5d
 404 0148 00000000 		.4byte	.LFB35
 405 014c 80000000 		.4byte	.LFE35-.LFB35
 406 0150 01       		.uleb128 0x1
 407 0151 9C       		.byte	0x9c
 408 0152 58020000 		.4byte	0x258
 409 0156 0D       		.uleb128 0xd
 410 0157 FD000000 		.4byte	.LASF18
 411 015b 01       		.byte	0x1
 412 015c 63       		.byte	0x63
 413 015d 83000000 		.4byte	0x83
 414 0161 E78673   		.sleb128 -212121
 415 0164 0E       		.uleb128 0xe
 416 0165 F7010000 		.4byte	.LASF19
 417 0169 01       		.byte	0x1
 418 016a 64       		.byte	0x64
 419 016b 8F000000 		.4byte	0x8f
 420 016f 04       		.byte	0x4
 421 0170 E17A1542 		.4byte	0x42157ae1
 422 0174 0F       		.uleb128 0xf
 423 0175 08000000 		.4byte	.LVL12
 424 0179 9C020000 		.4byte	0x29c
 425 017d 8B010000 		.4byte	0x18b
 426 0181 10       		.uleb128 0x10
 427 0182 01       		.uleb128 0x1
 428 0183 50       		.byte	0x50
 429 0184 05       		.uleb128 0x5
 430 0185 03       		.byte	0x3
 431 0186 00000000 		.4byte	ISR_SWITCH
 432 018a 00       		.byte	0
 433 018b 07       		.uleb128 0x7
 434 018c 0C000000 		.4byte	.LVL13
 435 0190 85020000 		.4byte	0x285
 436 0194 07       		.uleb128 0x7
 437 0195 10000000 		.4byte	.LVL14
 438 0199 A7020000 		.4byte	0x2a7
 439 019d 0F       		.uleb128 0xf
 440 019e 18000000 		.4byte	.LVL15
 441 01a2 B2020000 		.4byte	0x2b2
 442 01a6 B4010000 		.4byte	0x1b4
 443 01aa 10       		.uleb128 0x10
 444 01ab 01       		.uleb128 0x1
 445 01ac 50       		.byte	0x50
 446 01ad 05       		.uleb128 0x5
 447 01ae 03       		.byte	0x3
 448 01af 00000000 		.4byte	.LC2
 449 01b3 00       		.byte	0
 450 01b4 0F       		.uleb128 0xf
 451 01b5 1E000000 		.4byte	.LVL16
 452 01b9 B2020000 		.4byte	0x2b2
 453 01bd CB010000 		.4byte	0x1cb
 454 01c1 10       		.uleb128 0x10
 455 01c2 01       		.uleb128 0x1
 456 01c3 50       		.byte	0x50
 457 01c4 05       		.uleb128 0x5
 458 01c5 03       		.byte	0x3
ARM GAS  C:\Users\okuntso\AppData\Local\Temp\cciAPrNe.s 			page 12


 459 01c6 58000000 		.4byte	.LC4
 460 01ca 00       		.byte	0
 461 01cb 0F       		.uleb128 0xf
 462 01cc 24000000 		.4byte	.LVL17
 463 01d0 B2020000 		.4byte	0x2b2
 464 01d4 E2010000 		.4byte	0x1e2
 465 01d8 10       		.uleb128 0x10
 466 01d9 01       		.uleb128 0x1
 467 01da 50       		.byte	0x50
 468 01db 05       		.uleb128 0x5
 469 01dc 03       		.byte	0x3
 470 01dd 90000000 		.4byte	.LC6
 471 01e1 00       		.byte	0
 472 01e2 0F       		.uleb128 0xf
 473 01e3 2A000000 		.4byte	.LVL18
 474 01e7 B2020000 		.4byte	0x2b2
 475 01eb F9010000 		.4byte	0x1f9
 476 01ef 10       		.uleb128 0x10
 477 01f0 01       		.uleb128 0x1
 478 01f1 50       		.byte	0x50
 479 01f2 05       		.uleb128 0x5
 480 01f3 03       		.byte	0x3
 481 01f4 D8000000 		.4byte	.LC8
 482 01f8 00       		.byte	0
 483 01f9 0F       		.uleb128 0xf
 484 01fa 30000000 		.4byte	.LVL19
 485 01fe B2020000 		.4byte	0x2b2
 486 0202 10020000 		.4byte	0x210
 487 0206 10       		.uleb128 0x10
 488 0207 01       		.uleb128 0x1
 489 0208 50       		.byte	0x50
 490 0209 05       		.uleb128 0x5
 491 020a 03       		.byte	0x3
 492 020b 18010000 		.4byte	.LC10
 493 020f 00       		.byte	0
 494 0210 0F       		.uleb128 0xf
 495 0211 3E000000 		.4byte	.LVL20
 496 0215 BE020000 		.4byte	0x2be
 497 0219 2F020000 		.4byte	0x22f
 498 021d 10       		.uleb128 0x10
 499 021e 01       		.uleb128 0x1
 500 021f 50       		.byte	0x50
 501 0220 05       		.uleb128 0x5
 502 0221 03       		.byte	0x3
 503 0222 1C010000 		.4byte	.LC12
 504 0226 10       		.uleb128 0x10
 505 0227 01       		.uleb128 0x1
 506 0228 51       		.byte	0x51
 507 0229 04       		.uleb128 0x4
 508 022a 11       		.byte	0x11
 509 022b E78673   		.sleb128 -212121
 510 022e 00       		.byte	0
 511 022f 0F       		.uleb128 0xf
 512 0230 46000000 		.4byte	.LVL21
 513 0234 C9020000 		.4byte	0x2c9
 514 0238 44020000 		.4byte	0x244
 515 023c 10       		.uleb128 0x10
ARM GAS  C:\Users\okuntso\AppData\Local\Temp\cciAPrNe.s 			page 13


 516 023d 01       		.uleb128 0x1
 517 023e 50       		.byte	0x50
 518 023f 03       		.uleb128 0x3
 519 0240 0A       		.byte	0xa
 520 0241 E803     		.2byte	0x3e8
 521 0243 00       		.byte	0
 522 0244 11       		.uleb128 0x11
 523 0245 50000000 		.4byte	.LVL22
 524 0249 BE020000 		.4byte	0x2be
 525 024d 10       		.uleb128 0x10
 526 024e 01       		.uleb128 0x1
 527 024f 50       		.byte	0x50
 528 0250 05       		.uleb128 0x5
 529 0251 03       		.byte	0x3
 530 0252 50010000 		.4byte	.LC15
 531 0256 00       		.byte	0
 532 0257 00       		.byte	0
 533 0258 12       		.uleb128 0x12
 534 0259 0A020000 		.4byte	.LASF20
 535 025d 01       		.byte	0x1
 536 025e 08       		.byte	0x8
 537 025f 6B000000 		.4byte	0x6b
 538 0263 05       		.uleb128 0x5
 539 0264 03       		.byte	0x3
 540 0265 00000000 		.4byte	pressCount
 541 0269 12       		.uleb128 0x12
 542 026a 6B020000 		.4byte	.LASF21
 543 026e 01       		.byte	0x1
 544 026f 09       		.byte	0x9
 545 0270 6B000000 		.4byte	0x6b
 546 0274 05       		.uleb128 0x5
 547 0275 03       		.byte	0x3
 548 0276 00000000 		.4byte	printStatus
 549 027a 13       		.uleb128 0x13
 550 027b E3000000 		.4byte	.LASF22
 551 027f E3000000 		.4byte	.LASF22
 552 0283 03       		.byte	0x3
 553 0284 39       		.byte	0x39
 554 0285 13       		.uleb128 0x13
 555 0286 1B020000 		.4byte	.LASF23
 556 028a 1B020000 		.4byte	.LASF23
 557 028e 04       		.byte	0x4
 558 028f 28       		.byte	0x28
 559 0290 14       		.uleb128 0x14
 560 0291 06000000 		.4byte	.LASF24
 561 0295 06000000 		.4byte	.LASF24
 562 0299 05       		.byte	0x5
 563 029a 4403     		.2byte	0x344
 564 029c 13       		.uleb128 0x13
 565 029d 8B000000 		.4byte	.LASF25
 566 02a1 8B000000 		.4byte	.LASF25
 567 02a5 04       		.byte	0x4
 568 02a6 18       		.byte	0x18
 569 02a7 13       		.uleb128 0x13
 570 02a8 D8000000 		.4byte	.LASF26
 571 02ac D8000000 		.4byte	.LASF26
 572 02b0 06       		.byte	0x6
ARM GAS  C:\Users\okuntso\AppData\Local\Temp\cciAPrNe.s 			page 14


 573 02b1 72       		.byte	0x72
 574 02b2 14       		.uleb128 0x14
 575 02b3 78000000 		.4byte	.LASF27
 576 02b7 78000000 		.4byte	.LASF27
 577 02bb 05       		.byte	0x5
 578 02bc 2A03     		.2byte	0x32a
 579 02be 13       		.uleb128 0x13
 580 02bf F0010000 		.4byte	.LASF28
 581 02c3 F0010000 		.4byte	.LASF28
 582 02c7 07       		.byte	0x7
 583 02c8 BB       		.byte	0xbb
 584 02c9 13       		.uleb128 0x13
 585 02ca 77020000 		.4byte	.LASF29
 586 02ce 77020000 		.4byte	.LASF29
 587 02d2 08       		.byte	0x8
 588 02d3 D9       		.byte	0xd9
 589 02d4 00       		.byte	0
 590              		.section	.debug_abbrev,"",%progbits
 591              	.Ldebug_abbrev0:
 592 0000 01       		.uleb128 0x1
 593 0001 11       		.uleb128 0x11
 594 0002 01       		.byte	0x1
 595 0003 25       		.uleb128 0x25
 596 0004 0E       		.uleb128 0xe
 597 0005 13       		.uleb128 0x13
 598 0006 0B       		.uleb128 0xb
 599 0007 03       		.uleb128 0x3
 600 0008 0E       		.uleb128 0xe
 601 0009 1B       		.uleb128 0x1b
 602 000a 0E       		.uleb128 0xe
 603 000b 55       		.uleb128 0x55
 604 000c 17       		.uleb128 0x17
 605 000d 11       		.uleb128 0x11
 606 000e 01       		.uleb128 0x1
 607 000f 10       		.uleb128 0x10
 608 0010 17       		.uleb128 0x17
 609 0011 00       		.byte	0
 610 0012 00       		.byte	0
 611 0013 02       		.uleb128 0x2
 612 0014 24       		.uleb128 0x24
 613 0015 00       		.byte	0
 614 0016 0B       		.uleb128 0xb
 615 0017 0B       		.uleb128 0xb
 616 0018 3E       		.uleb128 0x3e
 617 0019 0B       		.uleb128 0xb
 618 001a 03       		.uleb128 0x3
 619 001b 0E       		.uleb128 0xe
 620 001c 00       		.byte	0
 621 001d 00       		.byte	0
 622 001e 03       		.uleb128 0x3
 623 001f 24       		.uleb128 0x24
 624 0020 00       		.byte	0
 625 0021 0B       		.uleb128 0xb
 626 0022 0B       		.uleb128 0xb
 627 0023 3E       		.uleb128 0x3e
 628 0024 0B       		.uleb128 0xb
 629 0025 03       		.uleb128 0x3
ARM GAS  C:\Users\okuntso\AppData\Local\Temp\cciAPrNe.s 			page 15


 630 0026 08       		.uleb128 0x8
 631 0027 00       		.byte	0
 632 0028 00       		.byte	0
 633 0029 04       		.uleb128 0x4
 634 002a 16       		.uleb128 0x16
 635 002b 00       		.byte	0
 636 002c 03       		.uleb128 0x3
 637 002d 0E       		.uleb128 0xe
 638 002e 3A       		.uleb128 0x3a
 639 002f 0B       		.uleb128 0xb
 640 0030 3B       		.uleb128 0x3b
 641 0031 05       		.uleb128 0x5
 642 0032 49       		.uleb128 0x49
 643 0033 13       		.uleb128 0x13
 644 0034 00       		.byte	0
 645 0035 00       		.byte	0
 646 0036 05       		.uleb128 0x5
 647 0037 0F       		.uleb128 0xf
 648 0038 00       		.byte	0
 649 0039 0B       		.uleb128 0xb
 650 003a 0B       		.uleb128 0xb
 651 003b 49       		.uleb128 0x49
 652 003c 13       		.uleb128 0x13
 653 003d 00       		.byte	0
 654 003e 00       		.byte	0
 655 003f 06       		.uleb128 0x6
 656 0040 2E       		.uleb128 0x2e
 657 0041 01       		.byte	0x1
 658 0042 3F       		.uleb128 0x3f
 659 0043 19       		.uleb128 0x19
 660 0044 03       		.uleb128 0x3
 661 0045 0E       		.uleb128 0xe
 662 0046 3A       		.uleb128 0x3a
 663 0047 0B       		.uleb128 0xb
 664 0048 3B       		.uleb128 0x3b
 665 0049 0B       		.uleb128 0xb
 666 004a 27       		.uleb128 0x27
 667 004b 19       		.uleb128 0x19
 668 004c 11       		.uleb128 0x11
 669 004d 01       		.uleb128 0x1
 670 004e 12       		.uleb128 0x12
 671 004f 06       		.uleb128 0x6
 672 0050 40       		.uleb128 0x40
 673 0051 18       		.uleb128 0x18
 674 0052 9742     		.uleb128 0x2117
 675 0054 19       		.uleb128 0x19
 676 0055 01       		.uleb128 0x1
 677 0056 13       		.uleb128 0x13
 678 0057 00       		.byte	0
 679 0058 00       		.byte	0
 680 0059 07       		.uleb128 0x7
 681 005a 898201   		.uleb128 0x4109
 682 005d 00       		.byte	0
 683 005e 11       		.uleb128 0x11
 684 005f 01       		.uleb128 0x1
 685 0060 31       		.uleb128 0x31
 686 0061 13       		.uleb128 0x13
ARM GAS  C:\Users\okuntso\AppData\Local\Temp\cciAPrNe.s 			page 16


 687 0062 00       		.byte	0
 688 0063 00       		.byte	0
 689 0064 08       		.uleb128 0x8
 690 0065 2E       		.uleb128 0x2e
 691 0066 01       		.byte	0x1
 692 0067 3F       		.uleb128 0x3f
 693 0068 19       		.uleb128 0x19
 694 0069 03       		.uleb128 0x3
 695 006a 0E       		.uleb128 0xe
 696 006b 3A       		.uleb128 0x3a
 697 006c 0B       		.uleb128 0xb
 698 006d 3B       		.uleb128 0x3b
 699 006e 0B       		.uleb128 0xb
 700 006f 27       		.uleb128 0x27
 701 0070 19       		.uleb128 0x19
 702 0071 49       		.uleb128 0x49
 703 0072 13       		.uleb128 0x13
 704 0073 11       		.uleb128 0x11
 705 0074 01       		.uleb128 0x1
 706 0075 12       		.uleb128 0x12
 707 0076 06       		.uleb128 0x6
 708 0077 40       		.uleb128 0x40
 709 0078 18       		.uleb128 0x18
 710 0079 9742     		.uleb128 0x2117
 711 007b 19       		.uleb128 0x19
 712 007c 01       		.uleb128 0x1
 713 007d 13       		.uleb128 0x13
 714 007e 00       		.byte	0
 715 007f 00       		.byte	0
 716 0080 09       		.uleb128 0x9
 717 0081 05       		.uleb128 0x5
 718 0082 00       		.byte	0
 719 0083 03       		.uleb128 0x3
 720 0084 0E       		.uleb128 0xe
 721 0085 3A       		.uleb128 0x3a
 722 0086 0B       		.uleb128 0xb
 723 0087 3B       		.uleb128 0x3b
 724 0088 0B       		.uleb128 0xb
 725 0089 49       		.uleb128 0x49
 726 008a 13       		.uleb128 0x13
 727 008b 02       		.uleb128 0x2
 728 008c 17       		.uleb128 0x17
 729 008d 00       		.byte	0
 730 008e 00       		.byte	0
 731 008f 0A       		.uleb128 0xa
 732 0090 05       		.uleb128 0x5
 733 0091 00       		.byte	0
 734 0092 03       		.uleb128 0x3
 735 0093 08       		.uleb128 0x8
 736 0094 3A       		.uleb128 0x3a
 737 0095 0B       		.uleb128 0xb
 738 0096 3B       		.uleb128 0x3b
 739 0097 0B       		.uleb128 0xb
 740 0098 49       		.uleb128 0x49
 741 0099 13       		.uleb128 0x13
 742 009a 02       		.uleb128 0x2
 743 009b 17       		.uleb128 0x17
ARM GAS  C:\Users\okuntso\AppData\Local\Temp\cciAPrNe.s 			page 17


 744 009c 00       		.byte	0
 745 009d 00       		.byte	0
 746 009e 0B       		.uleb128 0xb
 747 009f 34       		.uleb128 0x34
 748 00a0 00       		.byte	0
 749 00a1 03       		.uleb128 0x3
 750 00a2 08       		.uleb128 0x8
 751 00a3 3A       		.uleb128 0x3a
 752 00a4 0B       		.uleb128 0xb
 753 00a5 3B       		.uleb128 0x3b
 754 00a6 0B       		.uleb128 0xb
 755 00a7 49       		.uleb128 0x49
 756 00a8 13       		.uleb128 0x13
 757 00a9 02       		.uleb128 0x2
 758 00aa 17       		.uleb128 0x17
 759 00ab 00       		.byte	0
 760 00ac 00       		.byte	0
 761 00ad 0C       		.uleb128 0xc
 762 00ae 2E       		.uleb128 0x2e
 763 00af 01       		.byte	0x1
 764 00b0 3F       		.uleb128 0x3f
 765 00b1 19       		.uleb128 0x19
 766 00b2 03       		.uleb128 0x3
 767 00b3 0E       		.uleb128 0xe
 768 00b4 3A       		.uleb128 0x3a
 769 00b5 0B       		.uleb128 0xb
 770 00b6 3B       		.uleb128 0x3b
 771 00b7 0B       		.uleb128 0xb
 772 00b8 27       		.uleb128 0x27
 773 00b9 19       		.uleb128 0x19
 774 00ba 49       		.uleb128 0x49
 775 00bb 13       		.uleb128 0x13
 776 00bc 8701     		.uleb128 0x87
 777 00be 19       		.uleb128 0x19
 778 00bf 11       		.uleb128 0x11
 779 00c0 01       		.uleb128 0x1
 780 00c1 12       		.uleb128 0x12
 781 00c2 06       		.uleb128 0x6
 782 00c3 40       		.uleb128 0x40
 783 00c4 18       		.uleb128 0x18
 784 00c5 9742     		.uleb128 0x2117
 785 00c7 19       		.uleb128 0x19
 786 00c8 01       		.uleb128 0x1
 787 00c9 13       		.uleb128 0x13
 788 00ca 00       		.byte	0
 789 00cb 00       		.byte	0
 790 00cc 0D       		.uleb128 0xd
 791 00cd 34       		.uleb128 0x34
 792 00ce 00       		.byte	0
 793 00cf 03       		.uleb128 0x3
 794 00d0 0E       		.uleb128 0xe
 795 00d1 3A       		.uleb128 0x3a
 796 00d2 0B       		.uleb128 0xb
 797 00d3 3B       		.uleb128 0x3b
 798 00d4 0B       		.uleb128 0xb
 799 00d5 49       		.uleb128 0x49
 800 00d6 13       		.uleb128 0x13
ARM GAS  C:\Users\okuntso\AppData\Local\Temp\cciAPrNe.s 			page 18


 801 00d7 1C       		.uleb128 0x1c
 802 00d8 0D       		.uleb128 0xd
 803 00d9 00       		.byte	0
 804 00da 00       		.byte	0
 805 00db 0E       		.uleb128 0xe
 806 00dc 34       		.uleb128 0x34
 807 00dd 00       		.byte	0
 808 00de 03       		.uleb128 0x3
 809 00df 0E       		.uleb128 0xe
 810 00e0 3A       		.uleb128 0x3a
 811 00e1 0B       		.uleb128 0xb
 812 00e2 3B       		.uleb128 0x3b
 813 00e3 0B       		.uleb128 0xb
 814 00e4 49       		.uleb128 0x49
 815 00e5 13       		.uleb128 0x13
 816 00e6 1C       		.uleb128 0x1c
 817 00e7 0A       		.uleb128 0xa
 818 00e8 00       		.byte	0
 819 00e9 00       		.byte	0
 820 00ea 0F       		.uleb128 0xf
 821 00eb 898201   		.uleb128 0x4109
 822 00ee 01       		.byte	0x1
 823 00ef 11       		.uleb128 0x11
 824 00f0 01       		.uleb128 0x1
 825 00f1 31       		.uleb128 0x31
 826 00f2 13       		.uleb128 0x13
 827 00f3 01       		.uleb128 0x1
 828 00f4 13       		.uleb128 0x13
 829 00f5 00       		.byte	0
 830 00f6 00       		.byte	0
 831 00f7 10       		.uleb128 0x10
 832 00f8 8A8201   		.uleb128 0x410a
 833 00fb 00       		.byte	0
 834 00fc 02       		.uleb128 0x2
 835 00fd 18       		.uleb128 0x18
 836 00fe 9142     		.uleb128 0x2111
 837 0100 18       		.uleb128 0x18
 838 0101 00       		.byte	0
 839 0102 00       		.byte	0
 840 0103 11       		.uleb128 0x11
 841 0104 898201   		.uleb128 0x4109
 842 0107 01       		.byte	0x1
 843 0108 11       		.uleb128 0x11
 844 0109 01       		.uleb128 0x1
 845 010a 31       		.uleb128 0x31
 846 010b 13       		.uleb128 0x13
 847 010c 00       		.byte	0
 848 010d 00       		.byte	0
 849 010e 12       		.uleb128 0x12
 850 010f 34       		.uleb128 0x34
 851 0110 00       		.byte	0
 852 0111 03       		.uleb128 0x3
 853 0112 0E       		.uleb128 0xe
 854 0113 3A       		.uleb128 0x3a
 855 0114 0B       		.uleb128 0xb
 856 0115 3B       		.uleb128 0x3b
 857 0116 0B       		.uleb128 0xb
ARM GAS  C:\Users\okuntso\AppData\Local\Temp\cciAPrNe.s 			page 19


 858 0117 49       		.uleb128 0x49
 859 0118 13       		.uleb128 0x13
 860 0119 3F       		.uleb128 0x3f
 861 011a 19       		.uleb128 0x19
 862 011b 02       		.uleb128 0x2
 863 011c 18       		.uleb128 0x18
 864 011d 00       		.byte	0
 865 011e 00       		.byte	0
 866 011f 13       		.uleb128 0x13
 867 0120 2E       		.uleb128 0x2e
 868 0121 00       		.byte	0
 869 0122 3F       		.uleb128 0x3f
 870 0123 19       		.uleb128 0x19
 871 0124 3C       		.uleb128 0x3c
 872 0125 19       		.uleb128 0x19
 873 0126 6E       		.uleb128 0x6e
 874 0127 0E       		.uleb128 0xe
 875 0128 03       		.uleb128 0x3
 876 0129 0E       		.uleb128 0xe
 877 012a 3A       		.uleb128 0x3a
 878 012b 0B       		.uleb128 0xb
 879 012c 3B       		.uleb128 0x3b
 880 012d 0B       		.uleb128 0xb
 881 012e 00       		.byte	0
 882 012f 00       		.byte	0
 883 0130 14       		.uleb128 0x14
 884 0131 2E       		.uleb128 0x2e
 885 0132 00       		.byte	0
 886 0133 3F       		.uleb128 0x3f
 887 0134 19       		.uleb128 0x19
 888 0135 3C       		.uleb128 0x3c
 889 0136 19       		.uleb128 0x19
 890 0137 6E       		.uleb128 0x6e
 891 0138 0E       		.uleb128 0xe
 892 0139 03       		.uleb128 0x3
 893 013a 0E       		.uleb128 0xe
 894 013b 3A       		.uleb128 0x3a
 895 013c 0B       		.uleb128 0xb
 896 013d 3B       		.uleb128 0x3b
 897 013e 05       		.uleb128 0x5
 898 013f 00       		.byte	0
 899 0140 00       		.byte	0
 900 0141 00       		.byte	0
 901              		.section	.debug_loc,"",%progbits
 902              	.Ldebug_loc0:
 903              	.LLST0:
 904 0000 00000000 		.4byte	.LVL2
 905 0004 08000000 		.4byte	.LVL4
 906 0008 0100     		.2byte	0x1
 907 000a 50       		.byte	0x50
 908 000b 08000000 		.4byte	.LVL4
 909 000f 1C000000 		.4byte	.LFE33
 910 0013 0400     		.2byte	0x4
 911 0015 F3       		.byte	0xf3
 912 0016 01       		.uleb128 0x1
 913 0017 50       		.byte	0x50
 914 0018 9F       		.byte	0x9f
ARM GAS  C:\Users\okuntso\AppData\Local\Temp\cciAPrNe.s 			page 20


 915 0019 00000000 		.4byte	0
 916 001d 00000000 		.4byte	0
 917              	.LLST1:
 918 0021 00000000 		.4byte	.LVL2
 919 0025 0A000000 		.4byte	.LVL5
 920 0029 0100     		.2byte	0x1
 921 002b 51       		.byte	0x51
 922 002c 0A000000 		.4byte	.LVL5
 923 0030 14000000 		.4byte	.LVL8
 924 0034 0100     		.2byte	0x1
 925 0036 55       		.byte	0x55
 926 0037 14000000 		.4byte	.LVL8
 927 003b 1C000000 		.4byte	.LFE33
 928 003f 0100     		.2byte	0x1
 929 0041 51       		.byte	0x51
 930 0042 00000000 		.4byte	0
 931 0046 00000000 		.4byte	0
 932              	.LLST2:
 933 004a 00000000 		.4byte	.LVL2
 934 004e 08000000 		.4byte	.LVL4
 935 0052 0100     		.2byte	0x1
 936 0054 52       		.byte	0x52
 937 0055 08000000 		.4byte	.LVL4
 938 0059 1A000000 		.4byte	.LVL10
 939 005d 0100     		.2byte	0x1
 940 005f 56       		.byte	0x56
 941 0060 1A000000 		.4byte	.LVL10
 942 0064 1C000000 		.4byte	.LFE33
 943 0068 0100     		.2byte	0x1
 944 006a 50       		.byte	0x50
 945 006b 00000000 		.4byte	0
 946 006f 00000000 		.4byte	0
 947              	.LLST3:
 948 0073 04000000 		.4byte	.LVL3
 949 0077 08000000 		.4byte	.LVL4
 950 007b 0200     		.2byte	0x2
 951 007d 30       		.byte	0x30
 952 007e 9F       		.byte	0x9f
 953 007f 08000000 		.4byte	.LVL4
 954 0083 1A000000 		.4byte	.LVL9
 955 0087 0100     		.2byte	0x1
 956 0089 54       		.byte	0x54
 957 008a 00000000 		.4byte	0
 958 008e 00000000 		.4byte	0
 959              		.section	.debug_aranges,"",%progbits
 960 0000 2C000000 		.4byte	0x2c
 961 0004 0200     		.2byte	0x2
 962 0006 00000000 		.4byte	.Ldebug_info0
 963 000a 04       		.byte	0x4
 964 000b 00       		.byte	0
 965 000c 0000     		.2byte	0
 966 000e 0000     		.2byte	0
 967 0010 00000000 		.4byte	.LFB34
 968 0014 1C000000 		.4byte	.LFE34-.LFB34
 969 0018 00000000 		.4byte	.LFB33
 970 001c 1C000000 		.4byte	.LFE33-.LFB33
 971 0020 00000000 		.4byte	.LFB35
ARM GAS  C:\Users\okuntso\AppData\Local\Temp\cciAPrNe.s 			page 21


 972 0024 80000000 		.4byte	.LFE35-.LFB35
 973 0028 00000000 		.4byte	0
 974 002c 00000000 		.4byte	0
 975              		.section	.debug_ranges,"",%progbits
 976              	.Ldebug_ranges0:
 977 0000 00000000 		.4byte	.LFB34
 978 0004 1C000000 		.4byte	.LFE34
 979 0008 00000000 		.4byte	.LFB33
 980 000c 1C000000 		.4byte	.LFE33
 981 0010 00000000 		.4byte	.LFB35
 982 0014 80000000 		.4byte	.LFE35
 983 0018 00000000 		.4byte	0
 984 001c 00000000 		.4byte	0
 985              		.section	.debug_line,"",%progbits
 986              	.Ldebug_line0:
 987 0000 64010000 		.section	.debug_str,"MS",%progbits,1
 987      02000001 
 987      00000201 
 987      FB0E0D00 
 987      01010101 
 988              	.LASF12:
 989 0000 666C6F61 		.ascii	"float\000"
 989      7400
 990              	.LASF24:
 991 0006 55415254 		.ascii	"UART_SpiUartWriteTxData\000"
 991      5F537069 
 991      55617274 
 991      57726974 
 991      65547844 
 992              	.LASF13:
 993 001e 646F7562 		.ascii	"double\000"
 993      6C6500
 994              	.LASF32:
 995 0025 433A5C55 		.ascii	"C:\\Users\\okuntso\\Documents\\PSoC Creator\\Diplom"
 995      73657273 
 995      5C6F6B75 
 995      6E74736F 
 995      5C446F63 
 996 0053 615C4345 		.ascii	"a\\CE224431_PSoC4_UART_printf01.cydsn\000"
 996      32323434 
 996      33315F50 
 996      536F4334 
 996      5F554152 
 997              	.LASF27:
 998 0078 55415254 		.ascii	"UART_UartPutString\000"
 998      5F556172 
 998      74507574 
 998      53747269 
 998      6E6700
 999              	.LASF25:
 1000 008b 496E7075 		.ascii	"InputInterrupt_StartEx\000"
 1000      74496E74 
 1000      65727275 
 1000      70745F53 
 1000      74617274 
 1001              	.LASF17:
 1002 00a2 66696C65 		.ascii	"file\000"
ARM GAS  C:\Users\okuntso\AppData\Local\Temp\cciAPrNe.s 			page 22


 1002      00
 1003              	.LASF1:
 1004 00a7 756E7369 		.ascii	"unsigned char\000"
 1004      676E6564 
 1004      20636861 
 1004      7200
 1005              	.LASF33:
 1006 00b5 4953525F 		.ascii	"ISR_SWITCH\000"
 1006      53574954 
 1006      434800
 1007              	.LASF5:
 1008 00c0 6C6F6E67 		.ascii	"long unsigned int\000"
 1008      20756E73 
 1008      69676E65 
 1008      6420696E 
 1008      7400
 1009              	.LASF11:
 1010 00d2 696E7433 		.ascii	"int32\000"
 1010      3200
 1011              	.LASF26:
 1012 00d8 55415254 		.ascii	"UART_Start\000"
 1012      5F537461 
 1012      727400
 1013              	.LASF22:
 1014 00e3 73776974 		.ascii	"switch_pin_ClearInterrupt\000"
 1014      63685F70 
 1014      696E5F43 
 1014      6C656172 
 1014      496E7465 
 1015              	.LASF18:
 1016 00fd 696E7465 		.ascii	"integerNum\000"
 1016      6765724E 
 1016      756D00
 1017              	.LASF35:
 1018 0108 6D61696E 		.ascii	"main\000"
 1018      00
 1019              	.LASF10:
 1020 010d 75696E74 		.ascii	"uint32\000"
 1020      333200
 1021              	.LASF8:
 1022 0114 756E7369 		.ascii	"unsigned int\000"
 1022      676E6564 
 1022      20696E74 
 1022      00
 1023              	.LASF7:
 1024 0121 6C6F6E67 		.ascii	"long long unsigned int\000"
 1024      206C6F6E 
 1024      6720756E 
 1024      7369676E 
 1024      65642069 
 1025              	.LASF30:
 1026 0138 474E5520 		.ascii	"GNU C11 5.4.1 20160609 (release) [ARM/embedded-5-br"
 1026      43313120 
 1026      352E342E 
 1026      31203230 
 1026      31363036 
 1027 016b 616E6368 		.ascii	"anch revision 237715] -mcpu=cortex-m0 -mthumb -g -O"
ARM GAS  C:\Users\okuntso\AppData\Local\Temp\cciAPrNe.s 			page 23


 1027      20726576 
 1027      6973696F 
 1027      6E203233 
 1027      37373135 
 1028 019e 67202D66 		.ascii	"g -ffunction-sections -ffat-lto-objects\000"
 1028      66756E63 
 1028      74696F6E 
 1028      2D736563 
 1028      74696F6E 
 1029              	.LASF34:
 1030 01c6 5F777269 		.ascii	"_write\000"
 1030      746500
 1031              	.LASF16:
 1032 01cd 73697A65 		.ascii	"sizetype\000"
 1032      74797065 
 1032      00
 1033              	.LASF6:
 1034 01d6 6C6F6E67 		.ascii	"long long int\000"
 1034      206C6F6E 
 1034      6720696E 
 1034      7400
 1035              	.LASF31:
 1036 01e4 6D61696E 		.ascii	"main.c\000"
 1036      2E6300
 1037              	.LASF14:
 1038 01eb 63686172 		.ascii	"char\000"
 1038      00
 1039              	.LASF28:
 1040 01f0 7072696E 		.ascii	"printf\000"
 1040      746600
 1041              	.LASF19:
 1042 01f7 666C6F61 		.ascii	"floatNum\000"
 1042      744E756D 
 1042      00
 1043              	.LASF2:
 1044 0200 73686F72 		.ascii	"short int\000"
 1044      7420696E 
 1044      7400
 1045              	.LASF20:
 1046 020a 70726573 		.ascii	"pressCount\000"
 1046      73436F75 
 1046      6E7400
 1047              	.LASF9:
 1048 0215 75696E74 		.ascii	"uint8\000"
 1048      3800
 1049              	.LASF23:
 1050 021b 496E7075 		.ascii	"InputInterrupt_ClearPending\000"
 1050      74496E74 
 1050      65727275 
 1050      70745F43 
 1050      6C656172 
 1051              	.LASF4:
 1052 0237 6C6F6E67 		.ascii	"long int\000"
 1052      20696E74 
 1052      00
 1053              	.LASF15:
 1054 0240 6C6F6E67 		.ascii	"long double\000"
ARM GAS  C:\Users\okuntso\AppData\Local\Temp\cciAPrNe.s 			page 24


 1054      20646F75 
 1054      626C6500 
 1055              	.LASF0:
 1056 024c 7369676E 		.ascii	"signed char\000"
 1056      65642063 
 1056      68617200 
 1057              	.LASF3:
 1058 0258 73686F72 		.ascii	"short unsigned int\000"
 1058      7420756E 
 1058      7369676E 
 1058      65642069 
 1058      6E7400
 1059              	.LASF21:
 1060 026b 7072696E 		.ascii	"printStatus\000"
 1060      74537461 
 1060      74757300 
 1061              	.LASF29:
 1062 0277 43794465 		.ascii	"CyDelay\000"
 1062      6C617900 
 1063              		.ident	"GCC: (GNU Tools for ARM Embedded Processors) 5.4.1 20160609 (release) [ARM/embedded-5-bran
